Determining if the pthread_create exist failed with the following output:
Change Dir: /home/thib/baxter-ridgeback-kinetic_ws/build/ridgeback_bringup/CMakeFiles/CMakeTmp

Run Build Command:"/usr/bin/make" "cmTC_8307a/fast"
/usr/bin/make -f CMakeFiles/cmTC_8307a.dir/build.make CMakeFiles/cmTC_8307a.dir/build
make[1]: Entering directory '/home/thib/baxter-ridgeback-kinetic_ws/build/ridgeback_bringup/CMakeFiles/CMakeTmp'
Building C object CMakeFiles/cmTC_8307a.dir/CheckSymbolExists.c.o
/usr/bin/cc     -o CMakeFiles/cmTC_8307a.dir/CheckSymbolExists.c.o   -c /home/thib/baxter-ridgeback-kinetic_ws/build/ridgeback_bringup/CMakeFiles/CMakeTmp/CheckSymbolExists.c
Linking C executable cmTC_8307a
/usr/bin/cmake -E cmake_link_script CMakeFiles/cmTC_8307a.dir/link.txt --verbose=1
/usr/bin/cc       CMakeFiles/cmTC_8307a.dir/CheckSymbolExists.c.o  -o cmTC_8307a -rdynamic 
CMakeFiles/cmTC_8307a.dir/CheckSymbolExists.c.o: In function `main':
CheckSymbolExists.c:(.text+0x16): undefined reference to `pthread_create'
collect2: error: ld returned 1 exit status
CMakeFiles/cmTC_8307a.dir/build.make:97: recipe for target 'cmTC_8307a' failed
make[1]: *** [cmTC_8307a] Error 1
make[1]: Leaving directory '/home/thib/baxter-ridgeback-kinetic_ws/build/ridgeback_bringup/CMakeFiles/CMakeTmp'
Makefile:126: recipe for target 'cmTC_8307a/fast' failed
make: *** [cmTC_8307a/fast] Error 2

File /home/thib/baxter-ridgeback-kinetic_ws/build/ridgeback_bringup/CMakeFiles/CMakeTmp/CheckSymbolExists.c:
/* */
#include <pthread.h>

int main(int argc, char** argv)
{
  (void)argv;
#ifndef pthread_create
  return ((int*)(&pthread_create))[argc];
#else
  (void)argc;
  return 0;
#endif
}

Determining if the function pthread_create exists in the pthreads failed with the following output:
Change Dir: /home/thib/baxter-ridgeback-kinetic_ws/build/ridgeback_bringup/CMakeFiles/CMakeTmp

Run Build Command:"/usr/bin/make" "cmTC_fe8dd/fast"
/usr/bin/make -f CMakeFiles/cmTC_fe8dd.dir/build.make CMakeFiles/cmTC_fe8dd.dir/build
make[1]: Entering directory '/home/thib/baxter-ridgeback-kinetic_ws/build/ridgeback_bringup/CMakeFiles/CMakeTmp'
Building C object CMakeFiles/cmTC_fe8dd.dir/CheckFunctionExists.c.o
/usr/bin/cc    -DCHECK_FUNCTION_EXISTS=pthread_create   -o CMakeFiles/cmTC_fe8dd.dir/CheckFunctionExists.c.o   -c /usr/share/cmake-3.5/Modules/CheckFunctionExists.c
Linking C executable cmTC_fe8dd
/usr/bin/cmake -E cmake_link_script CMakeFiles/cmTC_fe8dd.dir/link.txt --verbose=1
/usr/bin/cc   -DCHECK_FUNCTION_EXISTS=pthread_create    CMakeFiles/cmTC_fe8dd.dir/CheckFunctionExists.c.o  -o cmTC_fe8dd -rdynamic -lpthreads 
/usr/bin/ld: cannot find -lpthreads
collect2: error: ld returned 1 exit status
CMakeFiles/cmTC_fe8dd.dir/build.make:97: recipe for target 'cmTC_fe8dd' failed
make[1]: *** [cmTC_fe8dd] Error 1
make[1]: Leaving directory '/home/thib/baxter-ridgeback-kinetic_ws/build/ridgeback_bringup/CMakeFiles/CMakeTmp'
Makefile:126: recipe for target 'cmTC_fe8dd/fast' failed
make: *** [cmTC_fe8dd/fast] Error 2


