Determining if the pthread_create exist failed with the following output:
Change Dir: /home/thib/baxter-ridgeback-kinetic_ws/build/ridgeback_navigation/CMakeFiles/CMakeTmp

Run Build Command:"/usr/bin/make" "cmTC_72adb/fast"
/usr/bin/make -f CMakeFiles/cmTC_72adb.dir/build.make CMakeFiles/cmTC_72adb.dir/build
make[1]: Entering directory '/home/thib/baxter-ridgeback-kinetic_ws/build/ridgeback_navigation/CMakeFiles/CMakeTmp'
Building C object CMakeFiles/cmTC_72adb.dir/CheckSymbolExists.c.o
/usr/bin/cc     -o CMakeFiles/cmTC_72adb.dir/CheckSymbolExists.c.o   -c /home/thib/baxter-ridgeback-kinetic_ws/build/ridgeback_navigation/CMakeFiles/CMakeTmp/CheckSymbolExists.c
Linking C executable cmTC_72adb
/usr/bin/cmake -E cmake_link_script CMakeFiles/cmTC_72adb.dir/link.txt --verbose=1
/usr/bin/cc       CMakeFiles/cmTC_72adb.dir/CheckSymbolExists.c.o  -o cmTC_72adb -rdynamic 
CMakeFiles/cmTC_72adb.dir/CheckSymbolExists.c.o: In function `main':
CheckSymbolExists.c:(.text+0x16): undefined reference to `pthread_create'
collect2: error: ld returned 1 exit status
CMakeFiles/cmTC_72adb.dir/build.make:97: recipe for target 'cmTC_72adb' failed
make[1]: *** [cmTC_72adb] Error 1
make[1]: Leaving directory '/home/thib/baxter-ridgeback-kinetic_ws/build/ridgeback_navigation/CMakeFiles/CMakeTmp'
Makefile:126: recipe for target 'cmTC_72adb/fast' failed
make: *** [cmTC_72adb/fast] Error 2

File /home/thib/baxter-ridgeback-kinetic_ws/build/ridgeback_navigation/CMakeFiles/CMakeTmp/CheckSymbolExists.c:
/* */
#include <pthread.h>

int main(int argc, char** argv)
{
  (void)argv;
#ifndef pthread_create
  return ((int*)(&pthread_create))[argc];
#else
  (void)argc;
  return 0;
#endif
}

Determining if the function pthread_create exists in the pthreads failed with the following output:
Change Dir: /home/thib/baxter-ridgeback-kinetic_ws/build/ridgeback_navigation/CMakeFiles/CMakeTmp

Run Build Command:"/usr/bin/make" "cmTC_e22e7/fast"
/usr/bin/make -f CMakeFiles/cmTC_e22e7.dir/build.make CMakeFiles/cmTC_e22e7.dir/build
make[1]: Entering directory '/home/thib/baxter-ridgeback-kinetic_ws/build/ridgeback_navigation/CMakeFiles/CMakeTmp'
Building C object CMakeFiles/cmTC_e22e7.dir/CheckFunctionExists.c.o
/usr/bin/cc    -DCHECK_FUNCTION_EXISTS=pthread_create   -o CMakeFiles/cmTC_e22e7.dir/CheckFunctionExists.c.o   -c /usr/share/cmake-3.5/Modules/CheckFunctionExists.c
Linking C executable cmTC_e22e7
/usr/bin/cmake -E cmake_link_script CMakeFiles/cmTC_e22e7.dir/link.txt --verbose=1
/usr/bin/cc   -DCHECK_FUNCTION_EXISTS=pthread_create    CMakeFiles/cmTC_e22e7.dir/CheckFunctionExists.c.o  -o cmTC_e22e7 -rdynamic -lpthreads 
/usr/bin/ld: cannot find -lpthreads
collect2: error: ld returned 1 exit status
CMakeFiles/cmTC_e22e7.dir/build.make:97: recipe for target 'cmTC_e22e7' failed
make[1]: *** [cmTC_e22e7] Error 1
make[1]: Leaving directory '/home/thib/baxter-ridgeback-kinetic_ws/build/ridgeback_navigation/CMakeFiles/CMakeTmp'
Makefile:126: recipe for target 'cmTC_e22e7/fast' failed
make: *** [cmTC_e22e7/fast] Error 2


