The system is: Linux - 4.15.0-46-generic - x86_64
Compiling the C compiler identification source file "CMakeCCompilerId.c" succeeded.
Compiler: /usr/bin/cc 
Build flags: 
Id flags: 

The output was:
0


Compilation of the C compiler identification source "CMakeCCompilerId.c" produced "a.out"

The C compiler identification is GNU, found in "/home/thib/baxter-ridgeback-kinetic_ws/build/ceres-solver/CMakeFiles/3.5.1/CompilerIdC/a.out"

Compiling the CXX compiler identification source file "CMakeCXXCompilerId.cpp" succeeded.
Compiler: /usr/bin/c++ 
Build flags: 
Id flags: 

The output was:
0


Compilation of the CXX compiler identification source "CMakeCXXCompilerId.cpp" produced "a.out"

The CXX compiler identification is GNU, found in "/home/thib/baxter-ridgeback-kinetic_ws/build/ceres-solver/CMakeFiles/3.5.1/CompilerIdCXX/a.out"

Determining if the C compiler works passed with the following output:
Change Dir: /home/thib/baxter-ridgeback-kinetic_ws/build/ceres-solver/CMakeFiles/CMakeTmp

Run Build Command:"/usr/bin/make" "cmTC_7d077/fast"
/usr/bin/make -f CMakeFiles/cmTC_7d077.dir/build.make CMakeFiles/cmTC_7d077.dir/build
make[1]: Entering directory '/home/thib/baxter-ridgeback-kinetic_ws/build/ceres-solver/CMakeFiles/CMakeTmp'
Building C object CMakeFiles/cmTC_7d077.dir/testCCompiler.c.o
/usr/bin/cc     -o CMakeFiles/cmTC_7d077.dir/testCCompiler.c.o   -c /home/thib/baxter-ridgeback-kinetic_ws/build/ceres-solver/CMakeFiles/CMakeTmp/testCCompiler.c
Linking C executable cmTC_7d077
/usr/bin/cmake -E cmake_link_script CMakeFiles/cmTC_7d077.dir/link.txt --verbose=1
/usr/bin/cc       CMakeFiles/cmTC_7d077.dir/testCCompiler.c.o  -o cmTC_7d077 -rdynamic 
make[1]: Leaving directory '/home/thib/baxter-ridgeback-kinetic_ws/build/ceres-solver/CMakeFiles/CMakeTmp'


Detecting C compiler ABI info compiled with the following output:
Change Dir: /home/thib/baxter-ridgeback-kinetic_ws/build/ceres-solver/CMakeFiles/CMakeTmp

Run Build Command:"/usr/bin/make" "cmTC_6de8e/fast"
/usr/bin/make -f CMakeFiles/cmTC_6de8e.dir/build.make CMakeFiles/cmTC_6de8e.dir/build
make[1]: Entering directory '/home/thib/baxter-ridgeback-kinetic_ws/build/ceres-solver/CMakeFiles/CMakeTmp'
Building C object CMakeFiles/cmTC_6de8e.dir/CMakeCCompilerABI.c.o
/usr/bin/cc     -o CMakeFiles/cmTC_6de8e.dir/CMakeCCompilerABI.c.o   -c /usr/share/cmake-3.5/Modules/CMakeCCompilerABI.c
Linking C executable cmTC_6de8e
/usr/bin/cmake -E cmake_link_script CMakeFiles/cmTC_6de8e.dir/link.txt --verbose=1
/usr/bin/cc      -v CMakeFiles/cmTC_6de8e.dir/CMakeCCompilerABI.c.o  -o cmTC_6de8e -rdynamic  
Using built-in specs.
COLLECT_GCC=/usr/bin/cc
COLLECT_LTO_WRAPPER=/usr/lib/gcc/x86_64-linux-gnu/5/lto-wrapper
Target: x86_64-linux-gnu
Configured with: ../src/configure -v --with-pkgversion='Ubuntu 5.4.0-6ubuntu1~16.04.11' --with-bugurl=file:///usr/share/doc/gcc-5/README.Bugs --enable-languages=c,ada,c++,java,go,d,fortran,objc,obj-c++ --prefix=/usr --program-suffix=-5 --enable-shared --enable-linker-build-id --libexecdir=/usr/lib --without-included-gettext --enable-threads=posix --libdir=/usr/lib --enable-nls --with-sysroot=/ --enable-clocale=gnu --enable-libstdcxx-debug --enable-libstdcxx-time=yes --with-default-libstdcxx-abi=new --enable-gnu-unique-object --disable-vtable-verify --enable-libmpx --enable-plugin --with-system-zlib --disable-browser-plugin --enable-java-awt=gtk --enable-gtk-cairo --with-java-home=/usr/lib/jvm/java-1.5.0-gcj-5-amd64/jre --enable-java-home --with-jvm-root-dir=/usr/lib/jvm/java-1.5.0-gcj-5-amd64 --with-jvm-jar-dir=/usr/lib/jvm-exports/java-1.5.0-gcj-5-amd64 --with-arch-directory=amd64 --with-ecj-jar=/usr/share/java/eclipse-ecj.jar --enable-objc-gc --enable-multiarch --disable-werror --with-arch-32=i686 --with-abi=m64 --with-multilib-list=m32,m64,mx32 --enable-multilib --with-tune=generic --enable-checking=release --build=x86_64-linux-gnu --host=x86_64-linux-gnu --target=x86_64-linux-gnu
Thread model: posix
gcc version 5.4.0 20160609 (Ubuntu 5.4.0-6ubuntu1~16.04.11) 
COMPILER_PATH=/usr/lib/gcc/x86_64-linux-gnu/5/:/usr/lib/gcc/x86_64-linux-gnu/5/:/usr/lib/gcc/x86_64-linux-gnu/:/usr/lib/gcc/x86_64-linux-gnu/5/:/usr/lib/gcc/x86_64-linux-gnu/
LIBRARY_PATH=/usr/lib/gcc/x86_64-linux-gnu/5/:/usr/lib/gcc/x86_64-linux-gnu/5/../../../x86_64-linux-gnu/:/usr/lib/gcc/x86_64-linux-gnu/5/../../../../lib/:/lib/x86_64-linux-gnu/:/lib/../lib/:/usr/lib/x86_64-linux-gnu/:/usr/lib/../lib/:/usr/lib/gcc/x86_64-linux-gnu/5/../../../:/lib/:/usr/lib/
COLLECT_GCC_OPTIONS='-v' '-o' 'cmTC_6de8e' '-rdynamic' '-mtune=generic' '-march=x86-64'
 /usr/lib/gcc/x86_64-linux-gnu/5/collect2 -plugin /usr/lib/gcc/x86_64-linux-gnu/5/liblto_plugin.so -plugin-opt=/usr/lib/gcc/x86_64-linux-gnu/5/lto-wrapper -plugin-opt=-fresolution=/tmp/ccToYY7u.res -plugin-opt=-pass-through=-lgcc -plugin-opt=-pass-through=-lgcc_s -plugin-opt=-pass-through=-lc -plugin-opt=-pass-through=-lgcc -plugin-opt=-pass-through=-lgcc_s --sysroot=/ --build-id --eh-frame-hdr -m elf_x86_64 --hash-style=gnu --as-needed -export-dynamic -dynamic-linker /lib64/ld-linux-x86-64.so.2 -z relro -o cmTC_6de8e /usr/lib/gcc/x86_64-linux-gnu/5/../../../x86_64-linux-gnu/crt1.o /usr/lib/gcc/x86_64-linux-gnu/5/../../../x86_64-linux-gnu/crti.o /usr/lib/gcc/x86_64-linux-gnu/5/crtbegin.o -L/usr/lib/gcc/x86_64-linux-gnu/5 -L/usr/lib/gcc/x86_64-linux-gnu/5/../../../x86_64-linux-gnu -L/usr/lib/gcc/x86_64-linux-gnu/5/../../../../lib -L/lib/x86_64-linux-gnu -L/lib/../lib -L/usr/lib/x86_64-linux-gnu -L/usr/lib/../lib -L/usr/lib/gcc/x86_64-linux-gnu/5/../../.. CMakeFiles/cmTC_6de8e.dir/CMakeCCompilerABI.c.o -lgcc --as-needed -lgcc_s --no-as-needed -lc -lgcc --as-needed -lgcc_s --no-as-needed /usr/lib/gcc/x86_64-linux-gnu/5/crtend.o /usr/lib/gcc/x86_64-linux-gnu/5/../../../x86_64-linux-gnu/crtn.o
make[1]: Leaving directory '/home/thib/baxter-ridgeback-kinetic_ws/build/ceres-solver/CMakeFiles/CMakeTmp'


Parsed C implicit link information from above output:
  link line regex: [^( *|.*[/\])(ld|([^/\]+-)?ld|collect2)[^/\]*( |$)]
  ignore line: [Change Dir: /home/thib/baxter-ridgeback-kinetic_ws/build/ceres-solver/CMakeFiles/CMakeTmp]
  ignore line: []
  ignore line: [Run Build Command:"/usr/bin/make" "cmTC_6de8e/fast"]
  ignore line: [/usr/bin/make -f CMakeFiles/cmTC_6de8e.dir/build.make CMakeFiles/cmTC_6de8e.dir/build]
  ignore line: [make[1]: Entering directory '/home/thib/baxter-ridgeback-kinetic_ws/build/ceres-solver/CMakeFiles/CMakeTmp']
  ignore line: [Building C object CMakeFiles/cmTC_6de8e.dir/CMakeCCompilerABI.c.o]
  ignore line: [/usr/bin/cc     -o CMakeFiles/cmTC_6de8e.dir/CMakeCCompilerABI.c.o   -c /usr/share/cmake-3.5/Modules/CMakeCCompilerABI.c]
  ignore line: [Linking C executable cmTC_6de8e]
  ignore line: [/usr/bin/cmake -E cmake_link_script CMakeFiles/cmTC_6de8e.dir/link.txt --verbose=1]
  ignore line: [/usr/bin/cc      -v CMakeFiles/cmTC_6de8e.dir/CMakeCCompilerABI.c.o  -o cmTC_6de8e -rdynamic  ]
  ignore line: [Using built-in specs.]
  ignore line: [COLLECT_GCC=/usr/bin/cc]
  ignore line: [COLLECT_LTO_WRAPPER=/usr/lib/gcc/x86_64-linux-gnu/5/lto-wrapper]
  ignore line: [Target: x86_64-linux-gnu]
  ignore line: [Configured with: ../src/configure -v --with-pkgversion='Ubuntu 5.4.0-6ubuntu1~16.04.11' --with-bugurl=file:///usr/share/doc/gcc-5/README.Bugs --enable-languages=c,ada,c++,java,go,d,fortran,objc,obj-c++ --prefix=/usr --program-suffix=-5 --enable-shared --enable-linker-build-id --libexecdir=/usr/lib --without-included-gettext --enable-threads=posix --libdir=/usr/lib --enable-nls --with-sysroot=/ --enable-clocale=gnu --enable-libstdcxx-debug --enable-libstdcxx-time=yes --with-default-libstdcxx-abi=new --enable-gnu-unique-object --disable-vtable-verify --enable-libmpx --enable-plugin --with-system-zlib --disable-browser-plugin --enable-java-awt=gtk --enable-gtk-cairo --with-java-home=/usr/lib/jvm/java-1.5.0-gcj-5-amd64/jre --enable-java-home --with-jvm-root-dir=/usr/lib/jvm/java-1.5.0-gcj-5-amd64 --with-jvm-jar-dir=/usr/lib/jvm-exports/java-1.5.0-gcj-5-amd64 --with-arch-directory=amd64 --with-ecj-jar=/usr/share/java/eclipse-ecj.jar --enable-objc-gc --enable-multiarch --disable-werror --with-arch-32=i686 --with-abi=m64 --with-multilib-list=m32,m64,mx32 --enable-multilib --with-tune=generic --enable-checking=release --build=x86_64-linux-gnu --host=x86_64-linux-gnu --target=x86_64-linux-gnu]
  ignore line: [Thread model: posix]
  ignore line: [gcc version 5.4.0 20160609 (Ubuntu 5.4.0-6ubuntu1~16.04.11) ]
  ignore line: [COMPILER_PATH=/usr/lib/gcc/x86_64-linux-gnu/5/:/usr/lib/gcc/x86_64-linux-gnu/5/:/usr/lib/gcc/x86_64-linux-gnu/:/usr/lib/gcc/x86_64-linux-gnu/5/:/usr/lib/gcc/x86_64-linux-gnu/]
  ignore line: [LIBRARY_PATH=/usr/lib/gcc/x86_64-linux-gnu/5/:/usr/lib/gcc/x86_64-linux-gnu/5/../../../x86_64-linux-gnu/:/usr/lib/gcc/x86_64-linux-gnu/5/../../../../lib/:/lib/x86_64-linux-gnu/:/lib/../lib/:/usr/lib/x86_64-linux-gnu/:/usr/lib/../lib/:/usr/lib/gcc/x86_64-linux-gnu/5/../../../:/lib/:/usr/lib/]
  ignore line: [COLLECT_GCC_OPTIONS='-v' '-o' 'cmTC_6de8e' '-rdynamic' '-mtune=generic' '-march=x86-64']
  link line: [ /usr/lib/gcc/x86_64-linux-gnu/5/collect2 -plugin /usr/lib/gcc/x86_64-linux-gnu/5/liblto_plugin.so -plugin-opt=/usr/lib/gcc/x86_64-linux-gnu/5/lto-wrapper -plugin-opt=-fresolution=/tmp/ccToYY7u.res -plugin-opt=-pass-through=-lgcc -plugin-opt=-pass-through=-lgcc_s -plugin-opt=-pass-through=-lc -plugin-opt=-pass-through=-lgcc -plugin-opt=-pass-through=-lgcc_s --sysroot=/ --build-id --eh-frame-hdr -m elf_x86_64 --hash-style=gnu --as-needed -export-dynamic -dynamic-linker /lib64/ld-linux-x86-64.so.2 -z relro -o cmTC_6de8e /usr/lib/gcc/x86_64-linux-gnu/5/../../../x86_64-linux-gnu/crt1.o /usr/lib/gcc/x86_64-linux-gnu/5/../../../x86_64-linux-gnu/crti.o /usr/lib/gcc/x86_64-linux-gnu/5/crtbegin.o -L/usr/lib/gcc/x86_64-linux-gnu/5 -L/usr/lib/gcc/x86_64-linux-gnu/5/../../../x86_64-linux-gnu -L/usr/lib/gcc/x86_64-linux-gnu/5/../../../../lib -L/lib/x86_64-linux-gnu -L/lib/../lib -L/usr/lib/x86_64-linux-gnu -L/usr/lib/../lib -L/usr/lib/gcc/x86_64-linux-gnu/5/../../.. CMakeFiles/cmTC_6de8e.dir/CMakeCCompilerABI.c.o -lgcc --as-needed -lgcc_s --no-as-needed -lc -lgcc --as-needed -lgcc_s --no-as-needed /usr/lib/gcc/x86_64-linux-gnu/5/crtend.o /usr/lib/gcc/x86_64-linux-gnu/5/../../../x86_64-linux-gnu/crtn.o]
    arg [/usr/lib/gcc/x86_64-linux-gnu/5/collect2] ==> ignore
    arg [-plugin] ==> ignore
    arg [/usr/lib/gcc/x86_64-linux-gnu/5/liblto_plugin.so] ==> ignore
    arg [-plugin-opt=/usr/lib/gcc/x86_64-linux-gnu/5/lto-wrapper] ==> ignore
    arg [-plugin-opt=-fresolution=/tmp/ccToYY7u.res] ==> ignore
    arg [-plugin-opt=-pass-through=-lgcc] ==> ignore
    arg [-plugin-opt=-pass-through=-lgcc_s] ==> ignore
    arg [-plugin-opt=-pass-through=-lc] ==> ignore
    arg [-plugin-opt=-pass-through=-lgcc] ==> ignore
    arg [-plugin-opt=-pass-through=-lgcc_s] ==> ignore
    arg [--sysroot=/] ==> ignore
    arg [--build-id] ==> ignore
    arg [--eh-frame-hdr] ==> ignore
    arg [-m] ==> ignore
    arg [elf_x86_64] ==> ignore
    arg [--hash-style=gnu] ==> ignore
    arg [--as-needed] ==> ignore
    arg [-export-dynamic] ==> ignore
    arg [-dynamic-linker] ==> ignore
    arg [/lib64/ld-linux-x86-64.so.2] ==> ignore
    arg [-zrelro] ==> ignore
    arg [-o] ==> ignore
    arg [cmTC_6de8e] ==> ignore
    arg [/usr/lib/gcc/x86_64-linux-gnu/5/../../../x86_64-linux-gnu/crt1.o] ==> ignore
    arg [/usr/lib/gcc/x86_64-linux-gnu/5/../../../x86_64-linux-gnu/crti.o] ==> ignore
    arg [/usr/lib/gcc/x86_64-linux-gnu/5/crtbegin.o] ==> ignore
    arg [-L/usr/lib/gcc/x86_64-linux-gnu/5] ==> dir [/usr/lib/gcc/x86_64-linux-gnu/5]
    arg [-L/usr/lib/gcc/x86_64-linux-gnu/5/../../../x86_64-linux-gnu] ==> dir [/usr/lib/gcc/x86_64-linux-gnu/5/../../../x86_64-linux-gnu]
    arg [-L/usr/lib/gcc/x86_64-linux-gnu/5/../../../../lib] ==> dir [/usr/lib/gcc/x86_64-linux-gnu/5/../../../../lib]
    arg [-L/lib/x86_64-linux-gnu] ==> dir [/lib/x86_64-linux-gnu]
    arg [-L/lib/../lib] ==> dir [/lib/../lib]
    arg [-L/usr/lib/x86_64-linux-gnu] ==> dir [/usr/lib/x86_64-linux-gnu]
    arg [-L/usr/lib/../lib] ==> dir [/usr/lib/../lib]
    arg [-L/usr/lib/gcc/x86_64-linux-gnu/5/../../..] ==> dir [/usr/lib/gcc/x86_64-linux-gnu/5/../../..]
    arg [CMakeFiles/cmTC_6de8e.dir/CMakeCCompilerABI.c.o] ==> ignore
    arg [-lgcc] ==> lib [gcc]
    arg [--as-needed] ==> ignore
    arg [-lgcc_s] ==> lib [gcc_s]
    arg [--no-as-needed] ==> ignore
    arg [-lc] ==> lib [c]
    arg [-lgcc] ==> lib [gcc]
    arg [--as-needed] ==> ignore
    arg [-lgcc_s] ==> lib [gcc_s]
    arg [--no-as-needed] ==> ignore
    arg [/usr/lib/gcc/x86_64-linux-gnu/5/crtend.o] ==> ignore
    arg [/usr/lib/gcc/x86_64-linux-gnu/5/../../../x86_64-linux-gnu/crtn.o] ==> ignore
  remove lib [gcc]
  remove lib [gcc_s]
  remove lib [gcc]
  remove lib [gcc_s]
  collapse library dir [/usr/lib/gcc/x86_64-linux-gnu/5] ==> [/usr/lib/gcc/x86_64-linux-gnu/5]
  collapse library dir [/usr/lib/gcc/x86_64-linux-gnu/5/../../../x86_64-linux-gnu] ==> [/usr/lib/x86_64-linux-gnu]
  collapse library dir [/usr/lib/gcc/x86_64-linux-gnu/5/../../../../lib] ==> [/usr/lib]
  collapse library dir [/lib/x86_64-linux-gnu] ==> [/lib/x86_64-linux-gnu]
  collapse library dir [/lib/../lib] ==> [/lib]
  collapse library dir [/usr/lib/x86_64-linux-gnu] ==> [/usr/lib/x86_64-linux-gnu]
  collapse library dir [/usr/lib/../lib] ==> [/usr/lib]
  collapse library dir [/usr/lib/gcc/x86_64-linux-gnu/5/../../..] ==> [/usr/lib]
  implicit libs: [c]
  implicit dirs: [/usr/lib/gcc/x86_64-linux-gnu/5;/usr/lib/x86_64-linux-gnu;/usr/lib;/lib/x86_64-linux-gnu;/lib]
  implicit fwks: []




Detecting C [-std=c11] compiler features compiled with the following output:
Change Dir: /home/thib/baxter-ridgeback-kinetic_ws/build/ceres-solver/CMakeFiles/CMakeTmp

Run Build Command:"/usr/bin/make" "cmTC_6505e/fast"
/usr/bin/make -f CMakeFiles/cmTC_6505e.dir/build.make CMakeFiles/cmTC_6505e.dir/build
make[1]: Entering directory '/home/thib/baxter-ridgeback-kinetic_ws/build/ceres-solver/CMakeFiles/CMakeTmp'
Building C object CMakeFiles/cmTC_6505e.dir/feature_tests.c.o
/usr/bin/cc    -std=c11 -o CMakeFiles/cmTC_6505e.dir/feature_tests.c.o   -c /home/thib/baxter-ridgeback-kinetic_ws/build/ceres-solver/CMakeFiles/feature_tests.c
Linking C executable cmTC_6505e
/usr/bin/cmake -E cmake_link_script CMakeFiles/cmTC_6505e.dir/link.txt --verbose=1
/usr/bin/cc       CMakeFiles/cmTC_6505e.dir/feature_tests.c.o  -o cmTC_6505e -rdynamic 
make[1]: Leaving directory '/home/thib/baxter-ridgeback-kinetic_ws/build/ceres-solver/CMakeFiles/CMakeTmp'


    Feature record: C_FEATURE:1c_function_prototypes
    Feature record: C_FEATURE:1c_restrict
    Feature record: C_FEATURE:1c_static_assert
    Feature record: C_FEATURE:1c_variadic_macros


Detecting C [-std=c99] compiler features compiled with the following output:
Change Dir: /home/thib/baxter-ridgeback-kinetic_ws/build/ceres-solver/CMakeFiles/CMakeTmp

Run Build Command:"/usr/bin/make" "cmTC_e48a5/fast"
/usr/bin/make -f CMakeFiles/cmTC_e48a5.dir/build.make CMakeFiles/cmTC_e48a5.dir/build
make[1]: Entering directory '/home/thib/baxter-ridgeback-kinetic_ws/build/ceres-solver/CMakeFiles/CMakeTmp'
Building C object CMakeFiles/cmTC_e48a5.dir/feature_tests.c.o
/usr/bin/cc    -std=c99 -o CMakeFiles/cmTC_e48a5.dir/feature_tests.c.o   -c /home/thib/baxter-ridgeback-kinetic_ws/build/ceres-solver/CMakeFiles/feature_tests.c
Linking C executable cmTC_e48a5
/usr/bin/cmake -E cmake_link_script CMakeFiles/cmTC_e48a5.dir/link.txt --verbose=1
/usr/bin/cc       CMakeFiles/cmTC_e48a5.dir/feature_tests.c.o  -o cmTC_e48a5 -rdynamic 
make[1]: Leaving directory '/home/thib/baxter-ridgeback-kinetic_ws/build/ceres-solver/CMakeFiles/CMakeTmp'


    Feature record: C_FEATURE:1c_function_prototypes
    Feature record: C_FEATURE:1c_restrict
    Feature record: C_FEATURE:0c_static_assert
    Feature record: C_FEATURE:1c_variadic_macros


Detecting C [-std=c90] compiler features compiled with the following output:
Change Dir: /home/thib/baxter-ridgeback-kinetic_ws/build/ceres-solver/CMakeFiles/CMakeTmp

Run Build Command:"/usr/bin/make" "cmTC_bd8dd/fast"
/usr/bin/make -f CMakeFiles/cmTC_bd8dd.dir/build.make CMakeFiles/cmTC_bd8dd.dir/build
make[1]: Entering directory '/home/thib/baxter-ridgeback-kinetic_ws/build/ceres-solver/CMakeFiles/CMakeTmp'
Building C object CMakeFiles/cmTC_bd8dd.dir/feature_tests.c.o
/usr/bin/cc    -std=c90 -o CMakeFiles/cmTC_bd8dd.dir/feature_tests.c.o   -c /home/thib/baxter-ridgeback-kinetic_ws/build/ceres-solver/CMakeFiles/feature_tests.c
Linking C executable cmTC_bd8dd
/usr/bin/cmake -E cmake_link_script CMakeFiles/cmTC_bd8dd.dir/link.txt --verbose=1
/usr/bin/cc       CMakeFiles/cmTC_bd8dd.dir/feature_tests.c.o  -o cmTC_bd8dd -rdynamic 
make[1]: Leaving directory '/home/thib/baxter-ridgeback-kinetic_ws/build/ceres-solver/CMakeFiles/CMakeTmp'


    Feature record: C_FEATURE:1c_function_prototypes
    Feature record: C_FEATURE:0c_restrict
    Feature record: C_FEATURE:0c_static_assert
    Feature record: C_FEATURE:0c_variadic_macros
Determining if the CXX compiler works passed with the following output:
Change Dir: /home/thib/baxter-ridgeback-kinetic_ws/build/ceres-solver/CMakeFiles/CMakeTmp

Run Build Command:"/usr/bin/make" "cmTC_ac27c/fast"
/usr/bin/make -f CMakeFiles/cmTC_ac27c.dir/build.make CMakeFiles/cmTC_ac27c.dir/build
make[1]: Entering directory '/home/thib/baxter-ridgeback-kinetic_ws/build/ceres-solver/CMakeFiles/CMakeTmp'
Building CXX object CMakeFiles/cmTC_ac27c.dir/testCXXCompiler.cxx.o
/usr/bin/c++      -o CMakeFiles/cmTC_ac27c.dir/testCXXCompiler.cxx.o -c /home/thib/baxter-ridgeback-kinetic_ws/build/ceres-solver/CMakeFiles/CMakeTmp/testCXXCompiler.cxx
Linking CXX executable cmTC_ac27c
/usr/bin/cmake -E cmake_link_script CMakeFiles/cmTC_ac27c.dir/link.txt --verbose=1
/usr/bin/c++        CMakeFiles/cmTC_ac27c.dir/testCXXCompiler.cxx.o  -o cmTC_ac27c -rdynamic 
make[1]: Leaving directory '/home/thib/baxter-ridgeback-kinetic_ws/build/ceres-solver/CMakeFiles/CMakeTmp'


Detecting CXX compiler ABI info compiled with the following output:
Change Dir: /home/thib/baxter-ridgeback-kinetic_ws/build/ceres-solver/CMakeFiles/CMakeTmp

Run Build Command:"/usr/bin/make" "cmTC_54977/fast"
/usr/bin/make -f CMakeFiles/cmTC_54977.dir/build.make CMakeFiles/cmTC_54977.dir/build
make[1]: Entering directory '/home/thib/baxter-ridgeback-kinetic_ws/build/ceres-solver/CMakeFiles/CMakeTmp'
Building CXX object CMakeFiles/cmTC_54977.dir/CMakeCXXCompilerABI.cpp.o
/usr/bin/c++      -o CMakeFiles/cmTC_54977.dir/CMakeCXXCompilerABI.cpp.o -c /usr/share/cmake-3.5/Modules/CMakeCXXCompilerABI.cpp
Linking CXX executable cmTC_54977
/usr/bin/cmake -E cmake_link_script CMakeFiles/cmTC_54977.dir/link.txt --verbose=1
/usr/bin/c++       -v CMakeFiles/cmTC_54977.dir/CMakeCXXCompilerABI.cpp.o  -o cmTC_54977 -rdynamic  
Using built-in specs.
COLLECT_GCC=/usr/bin/c++
COLLECT_LTO_WRAPPER=/usr/lib/gcc/x86_64-linux-gnu/5/lto-wrapper
Target: x86_64-linux-gnu
Configured with: ../src/configure -v --with-pkgversion='Ubuntu 5.4.0-6ubuntu1~16.04.11' --with-bugurl=file:///usr/share/doc/gcc-5/README.Bugs --enable-languages=c,ada,c++,java,go,d,fortran,objc,obj-c++ --prefix=/usr --program-suffix=-5 --enable-shared --enable-linker-build-id --libexecdir=/usr/lib --without-included-gettext --enable-threads=posix --libdir=/usr/lib --enable-nls --with-sysroot=/ --enable-clocale=gnu --enable-libstdcxx-debug --enable-libstdcxx-time=yes --with-default-libstdcxx-abi=new --enable-gnu-unique-object --disable-vtable-verify --enable-libmpx --enable-plugin --with-system-zlib --disable-browser-plugin --enable-java-awt=gtk --enable-gtk-cairo --with-java-home=/usr/lib/jvm/java-1.5.0-gcj-5-amd64/jre --enable-java-home --with-jvm-root-dir=/usr/lib/jvm/java-1.5.0-gcj-5-amd64 --with-jvm-jar-dir=/usr/lib/jvm-exports/java-1.5.0-gcj-5-amd64 --with-arch-directory=amd64 --with-ecj-jar=/usr/share/java/eclipse-ecj.jar --enable-objc-gc --enable-multiarch --disable-werror --with-arch-32=i686 --with-abi=m64 --with-multilib-list=m32,m64,mx32 --enable-multilib --with-tune=generic --enable-checking=release --build=x86_64-linux-gnu --host=x86_64-linux-gnu --target=x86_64-linux-gnu
Thread model: posix
gcc version 5.4.0 20160609 (Ubuntu 5.4.0-6ubuntu1~16.04.11) 
COMPILER_PATH=/usr/lib/gcc/x86_64-linux-gnu/5/:/usr/lib/gcc/x86_64-linux-gnu/5/:/usr/lib/gcc/x86_64-linux-gnu/:/usr/lib/gcc/x86_64-linux-gnu/5/:/usr/lib/gcc/x86_64-linux-gnu/
LIBRARY_PATH=/usr/lib/gcc/x86_64-linux-gnu/5/:/usr/lib/gcc/x86_64-linux-gnu/5/../../../x86_64-linux-gnu/:/usr/lib/gcc/x86_64-linux-gnu/5/../../../../lib/:/lib/x86_64-linux-gnu/:/lib/../lib/:/usr/lib/x86_64-linux-gnu/:/usr/lib/../lib/:/usr/lib/gcc/x86_64-linux-gnu/5/../../../:/lib/:/usr/lib/
COLLECT_GCC_OPTIONS='-v' '-o' 'cmTC_54977' '-rdynamic' '-shared-libgcc' '-mtune=generic' '-march=x86-64'
 /usr/lib/gcc/x86_64-linux-gnu/5/collect2 -plugin /usr/lib/gcc/x86_64-linux-gnu/5/liblto_plugin.so -plugin-opt=/usr/lib/gcc/x86_64-linux-gnu/5/lto-wrapper -plugin-opt=-fresolution=/tmp/ccXT7I4M.res -plugin-opt=-pass-through=-lgcc_s -plugin-opt=-pass-through=-lgcc -plugin-opt=-pass-through=-lc -plugin-opt=-pass-through=-lgcc_s -plugin-opt=-pass-through=-lgcc --sysroot=/ --build-id --eh-frame-hdr -m elf_x86_64 --hash-style=gnu --as-needed -export-dynamic -dynamic-linker /lib64/ld-linux-x86-64.so.2 -z relro -o cmTC_54977 /usr/lib/gcc/x86_64-linux-gnu/5/../../../x86_64-linux-gnu/crt1.o /usr/lib/gcc/x86_64-linux-gnu/5/../../../x86_64-linux-gnu/crti.o /usr/lib/gcc/x86_64-linux-gnu/5/crtbegin.o -L/usr/lib/gcc/x86_64-linux-gnu/5 -L/usr/lib/gcc/x86_64-linux-gnu/5/../../../x86_64-linux-gnu -L/usr/lib/gcc/x86_64-linux-gnu/5/../../../../lib -L/lib/x86_64-linux-gnu -L/lib/../lib -L/usr/lib/x86_64-linux-gnu -L/usr/lib/../lib -L/usr/lib/gcc/x86_64-linux-gnu/5/../../.. CMakeFiles/cmTC_54977.dir/CMakeCXXCompilerABI.cpp.o -lstdc++ -lm -lgcc_s -lgcc -lc -lgcc_s -lgcc /usr/lib/gcc/x86_64-linux-gnu/5/crtend.o /usr/lib/gcc/x86_64-linux-gnu/5/../../../x86_64-linux-gnu/crtn.o
make[1]: Leaving directory '/home/thib/baxter-ridgeback-kinetic_ws/build/ceres-solver/CMakeFiles/CMakeTmp'


Parsed CXX implicit link information from above output:
  link line regex: [^( *|.*[/\])(ld|([^/\]+-)?ld|collect2)[^/\]*( |$)]
  ignore line: [Change Dir: /home/thib/baxter-ridgeback-kinetic_ws/build/ceres-solver/CMakeFiles/CMakeTmp]
  ignore line: []
  ignore line: [Run Build Command:"/usr/bin/make" "cmTC_54977/fast"]
  ignore line: [/usr/bin/make -f CMakeFiles/cmTC_54977.dir/build.make CMakeFiles/cmTC_54977.dir/build]
  ignore line: [make[1]: Entering directory '/home/thib/baxter-ridgeback-kinetic_ws/build/ceres-solver/CMakeFiles/CMakeTmp']
  ignore line: [Building CXX object CMakeFiles/cmTC_54977.dir/CMakeCXXCompilerABI.cpp.o]
  ignore line: [/usr/bin/c++      -o CMakeFiles/cmTC_54977.dir/CMakeCXXCompilerABI.cpp.o -c /usr/share/cmake-3.5/Modules/CMakeCXXCompilerABI.cpp]
  ignore line: [Linking CXX executable cmTC_54977]
  ignore line: [/usr/bin/cmake -E cmake_link_script CMakeFiles/cmTC_54977.dir/link.txt --verbose=1]
  ignore line: [/usr/bin/c++       -v CMakeFiles/cmTC_54977.dir/CMakeCXXCompilerABI.cpp.o  -o cmTC_54977 -rdynamic  ]
  ignore line: [Using built-in specs.]
  ignore line: [COLLECT_GCC=/usr/bin/c++]
  ignore line: [COLLECT_LTO_WRAPPER=/usr/lib/gcc/x86_64-linux-gnu/5/lto-wrapper]
  ignore line: [Target: x86_64-linux-gnu]
  ignore line: [Configured with: ../src/configure -v --with-pkgversion='Ubuntu 5.4.0-6ubuntu1~16.04.11' --with-bugurl=file:///usr/share/doc/gcc-5/README.Bugs --enable-languages=c,ada,c++,java,go,d,fortran,objc,obj-c++ --prefix=/usr --program-suffix=-5 --enable-shared --enable-linker-build-id --libexecdir=/usr/lib --without-included-gettext --enable-threads=posix --libdir=/usr/lib --enable-nls --with-sysroot=/ --enable-clocale=gnu --enable-libstdcxx-debug --enable-libstdcxx-time=yes --with-default-libstdcxx-abi=new --enable-gnu-unique-object --disable-vtable-verify --enable-libmpx --enable-plugin --with-system-zlib --disable-browser-plugin --enable-java-awt=gtk --enable-gtk-cairo --with-java-home=/usr/lib/jvm/java-1.5.0-gcj-5-amd64/jre --enable-java-home --with-jvm-root-dir=/usr/lib/jvm/java-1.5.0-gcj-5-amd64 --with-jvm-jar-dir=/usr/lib/jvm-exports/java-1.5.0-gcj-5-amd64 --with-arch-directory=amd64 --with-ecj-jar=/usr/share/java/eclipse-ecj.jar --enable-objc-gc --enable-multiarch --disable-werror --with-arch-32=i686 --with-abi=m64 --with-multilib-list=m32,m64,mx32 --enable-multilib --with-tune=generic --enable-checking=release --build=x86_64-linux-gnu --host=x86_64-linux-gnu --target=x86_64-linux-gnu]
  ignore line: [Thread model: posix]
  ignore line: [gcc version 5.4.0 20160609 (Ubuntu 5.4.0-6ubuntu1~16.04.11) ]
  ignore line: [COMPILER_PATH=/usr/lib/gcc/x86_64-linux-gnu/5/:/usr/lib/gcc/x86_64-linux-gnu/5/:/usr/lib/gcc/x86_64-linux-gnu/:/usr/lib/gcc/x86_64-linux-gnu/5/:/usr/lib/gcc/x86_64-linux-gnu/]
  ignore line: [LIBRARY_PATH=/usr/lib/gcc/x86_64-linux-gnu/5/:/usr/lib/gcc/x86_64-linux-gnu/5/../../../x86_64-linux-gnu/:/usr/lib/gcc/x86_64-linux-gnu/5/../../../../lib/:/lib/x86_64-linux-gnu/:/lib/../lib/:/usr/lib/x86_64-linux-gnu/:/usr/lib/../lib/:/usr/lib/gcc/x86_64-linux-gnu/5/../../../:/lib/:/usr/lib/]
  ignore line: [COLLECT_GCC_OPTIONS='-v' '-o' 'cmTC_54977' '-rdynamic' '-shared-libgcc' '-mtune=generic' '-march=x86-64']
  link line: [ /usr/lib/gcc/x86_64-linux-gnu/5/collect2 -plugin /usr/lib/gcc/x86_64-linux-gnu/5/liblto_plugin.so -plugin-opt=/usr/lib/gcc/x86_64-linux-gnu/5/lto-wrapper -plugin-opt=-fresolution=/tmp/ccXT7I4M.res -plugin-opt=-pass-through=-lgcc_s -plugin-opt=-pass-through=-lgcc -plugin-opt=-pass-through=-lc -plugin-opt=-pass-through=-lgcc_s -plugin-opt=-pass-through=-lgcc --sysroot=/ --build-id --eh-frame-hdr -m elf_x86_64 --hash-style=gnu --as-needed -export-dynamic -dynamic-linker /lib64/ld-linux-x86-64.so.2 -z relro -o cmTC_54977 /usr/lib/gcc/x86_64-linux-gnu/5/../../../x86_64-linux-gnu/crt1.o /usr/lib/gcc/x86_64-linux-gnu/5/../../../x86_64-linux-gnu/crti.o /usr/lib/gcc/x86_64-linux-gnu/5/crtbegin.o -L/usr/lib/gcc/x86_64-linux-gnu/5 -L/usr/lib/gcc/x86_64-linux-gnu/5/../../../x86_64-linux-gnu -L/usr/lib/gcc/x86_64-linux-gnu/5/../../../../lib -L/lib/x86_64-linux-gnu -L/lib/../lib -L/usr/lib/x86_64-linux-gnu -L/usr/lib/../lib -L/usr/lib/gcc/x86_64-linux-gnu/5/../../.. CMakeFiles/cmTC_54977.dir/CMakeCXXCompilerABI.cpp.o -lstdc++ -lm -lgcc_s -lgcc -lc -lgcc_s -lgcc /usr/lib/gcc/x86_64-linux-gnu/5/crtend.o /usr/lib/gcc/x86_64-linux-gnu/5/../../../x86_64-linux-gnu/crtn.o]
    arg [/usr/lib/gcc/x86_64-linux-gnu/5/collect2] ==> ignore
    arg [-plugin] ==> ignore
    arg [/usr/lib/gcc/x86_64-linux-gnu/5/liblto_plugin.so] ==> ignore
    arg [-plugin-opt=/usr/lib/gcc/x86_64-linux-gnu/5/lto-wrapper] ==> ignore
    arg [-plugin-opt=-fresolution=/tmp/ccXT7I4M.res] ==> ignore
    arg [-plugin-opt=-pass-through=-lgcc_s] ==> ignore
    arg [-plugin-opt=-pass-through=-lgcc] ==> ignore
    arg [-plugin-opt=-pass-through=-lc] ==> ignore
    arg [-plugin-opt=-pass-through=-lgcc_s] ==> ignore
    arg [-plugin-opt=-pass-through=-lgcc] ==> ignore
    arg [--sysroot=/] ==> ignore
    arg [--build-id] ==> ignore
    arg [--eh-frame-hdr] ==> ignore
    arg [-m] ==> ignore
    arg [elf_x86_64] ==> ignore
    arg [--hash-style=gnu] ==> ignore
    arg [--as-needed] ==> ignore
    arg [-export-dynamic] ==> ignore
    arg [-dynamic-linker] ==> ignore
    arg [/lib64/ld-linux-x86-64.so.2] ==> ignore
    arg [-zrelro] ==> ignore
    arg [-o] ==> ignore
    arg [cmTC_54977] ==> ignore
    arg [/usr/lib/gcc/x86_64-linux-gnu/5/../../../x86_64-linux-gnu/crt1.o] ==> ignore
    arg [/usr/lib/gcc/x86_64-linux-gnu/5/../../../x86_64-linux-gnu/crti.o] ==> ignore
    arg [/usr/lib/gcc/x86_64-linux-gnu/5/crtbegin.o] ==> ignore
    arg [-L/usr/lib/gcc/x86_64-linux-gnu/5] ==> dir [/usr/lib/gcc/x86_64-linux-gnu/5]
    arg [-L/usr/lib/gcc/x86_64-linux-gnu/5/../../../x86_64-linux-gnu] ==> dir [/usr/lib/gcc/x86_64-linux-gnu/5/../../../x86_64-linux-gnu]
    arg [-L/usr/lib/gcc/x86_64-linux-gnu/5/../../../../lib] ==> dir [/usr/lib/gcc/x86_64-linux-gnu/5/../../../../lib]
    arg [-L/lib/x86_64-linux-gnu] ==> dir [/lib/x86_64-linux-gnu]
    arg [-L/lib/../lib] ==> dir [/lib/../lib]
    arg [-L/usr/lib/x86_64-linux-gnu] ==> dir [/usr/lib/x86_64-linux-gnu]
    arg [-L/usr/lib/../lib] ==> dir [/usr/lib/../lib]
    arg [-L/usr/lib/gcc/x86_64-linux-gnu/5/../../..] ==> dir [/usr/lib/gcc/x86_64-linux-gnu/5/../../..]
    arg [CMakeFiles/cmTC_54977.dir/CMakeCXXCompilerABI.cpp.o] ==> ignore
    arg [-lstdc++] ==> lib [stdc++]
    arg [-lm] ==> lib [m]
    arg [-lgcc_s] ==> lib [gcc_s]
    arg [-lgcc] ==> lib [gcc]
    arg [-lc] ==> lib [c]
    arg [-lgcc_s] ==> lib [gcc_s]
    arg [-lgcc] ==> lib [gcc]
    arg [/usr/lib/gcc/x86_64-linux-gnu/5/crtend.o] ==> ignore
    arg [/usr/lib/gcc/x86_64-linux-gnu/5/../../../x86_64-linux-gnu/crtn.o] ==> ignore
  remove lib [gcc_s]
  remove lib [gcc]
  remove lib [gcc_s]
  remove lib [gcc]
  collapse library dir [/usr/lib/gcc/x86_64-linux-gnu/5] ==> [/usr/lib/gcc/x86_64-linux-gnu/5]
  collapse library dir [/usr/lib/gcc/x86_64-linux-gnu/5/../../../x86_64-linux-gnu] ==> [/usr/lib/x86_64-linux-gnu]
  collapse library dir [/usr/lib/gcc/x86_64-linux-gnu/5/../../../../lib] ==> [/usr/lib]
  collapse library dir [/lib/x86_64-linux-gnu] ==> [/lib/x86_64-linux-gnu]
  collapse library dir [/lib/../lib] ==> [/lib]
  collapse library dir [/usr/lib/x86_64-linux-gnu] ==> [/usr/lib/x86_64-linux-gnu]
  collapse library dir [/usr/lib/../lib] ==> [/usr/lib]
  collapse library dir [/usr/lib/gcc/x86_64-linux-gnu/5/../../..] ==> [/usr/lib]
  implicit libs: [stdc++;m;c]
  implicit dirs: [/usr/lib/gcc/x86_64-linux-gnu/5;/usr/lib/x86_64-linux-gnu;/usr/lib;/lib/x86_64-linux-gnu;/lib]
  implicit fwks: []




Detecting CXX [-std=c++14] compiler features compiled with the following output:
Change Dir: /home/thib/baxter-ridgeback-kinetic_ws/build/ceres-solver/CMakeFiles/CMakeTmp

Run Build Command:"/usr/bin/make" "cmTC_34c9f/fast"
/usr/bin/make -f CMakeFiles/cmTC_34c9f.dir/build.make CMakeFiles/cmTC_34c9f.dir/build
make[1]: Entering directory '/home/thib/baxter-ridgeback-kinetic_ws/build/ceres-solver/CMakeFiles/CMakeTmp'
Building CXX object CMakeFiles/cmTC_34c9f.dir/feature_tests.cxx.o
/usr/bin/c++     -std=c++14 -o CMakeFiles/cmTC_34c9f.dir/feature_tests.cxx.o -c /home/thib/baxter-ridgeback-kinetic_ws/build/ceres-solver/CMakeFiles/feature_tests.cxx
Linking CXX executable cmTC_34c9f
/usr/bin/cmake -E cmake_link_script CMakeFiles/cmTC_34c9f.dir/link.txt --verbose=1
/usr/bin/c++        CMakeFiles/cmTC_34c9f.dir/feature_tests.cxx.o  -o cmTC_34c9f -rdynamic 
make[1]: Leaving directory '/home/thib/baxter-ridgeback-kinetic_ws/build/ceres-solver/CMakeFiles/CMakeTmp'


    Feature record: CXX_FEATURE:1cxx_aggregate_default_initializers
    Feature record: CXX_FEATURE:1cxx_alias_templates
    Feature record: CXX_FEATURE:1cxx_alignas
    Feature record: CXX_FEATURE:1cxx_alignof
    Feature record: CXX_FEATURE:1cxx_attributes
    Feature record: CXX_FEATURE:1cxx_attribute_deprecated
    Feature record: CXX_FEATURE:1cxx_auto_type
    Feature record: CXX_FEATURE:1cxx_binary_literals
    Feature record: CXX_FEATURE:1cxx_constexpr
    Feature record: CXX_FEATURE:1cxx_contextual_conversions
    Feature record: CXX_FEATURE:1cxx_decltype
    Feature record: CXX_FEATURE:1cxx_decltype_auto
    Feature record: CXX_FEATURE:1cxx_decltype_incomplete_return_types
    Feature record: CXX_FEATURE:1cxx_default_function_template_args
    Feature record: CXX_FEATURE:1cxx_defaulted_functions
    Feature record: CXX_FEATURE:1cxx_defaulted_move_initializers
    Feature record: CXX_FEATURE:1cxx_delegating_constructors
    Feature record: CXX_FEATURE:1cxx_deleted_functions
    Feature record: CXX_FEATURE:1cxx_digit_separators
    Feature record: CXX_FEATURE:1cxx_enum_forward_declarations
    Feature record: CXX_FEATURE:1cxx_explicit_conversions
    Feature record: CXX_FEATURE:1cxx_extended_friend_declarations
    Feature record: CXX_FEATURE:1cxx_extern_templates
    Feature record: CXX_FEATURE:1cxx_final
    Feature record: CXX_FEATURE:1cxx_func_identifier
    Feature record: CXX_FEATURE:1cxx_generalized_initializers
    Feature record: CXX_FEATURE:1cxx_generic_lambdas
    Feature record: CXX_FEATURE:1cxx_inheriting_constructors
    Feature record: CXX_FEATURE:1cxx_inline_namespaces
    Feature record: CXX_FEATURE:1cxx_lambdas
    Feature record: CXX_FEATURE:1cxx_lambda_init_captures
    Feature record: CXX_FEATURE:1cxx_local_type_template_args
    Feature record: CXX_FEATURE:1cxx_long_long_type
    Feature record: CXX_FEATURE:1cxx_noexcept
    Feature record: CXX_FEATURE:1cxx_nonstatic_member_init
    Feature record: CXX_FEATURE:1cxx_nullptr
    Feature record: CXX_FEATURE:1cxx_override
    Feature record: CXX_FEATURE:1cxx_range_for
    Feature record: CXX_FEATURE:1cxx_raw_string_literals
    Feature record: CXX_FEATURE:1cxx_reference_qualified_functions
    Feature record: CXX_FEATURE:1cxx_relaxed_constexpr
    Feature record: CXX_FEATURE:1cxx_return_type_deduction
    Feature record: CXX_FEATURE:1cxx_right_angle_brackets
    Feature record: CXX_FEATURE:1cxx_rvalue_references
    Feature record: CXX_FEATURE:1cxx_sizeof_member
    Feature record: CXX_FEATURE:1cxx_static_assert
    Feature record: CXX_FEATURE:1cxx_strong_enums
    Feature record: CXX_FEATURE:1cxx_template_template_parameters
    Feature record: CXX_FEATURE:1cxx_thread_local
    Feature record: CXX_FEATURE:1cxx_trailing_return_types
    Feature record: CXX_FEATURE:1cxx_unicode_literals
    Feature record: CXX_FEATURE:1cxx_uniform_initialization
    Feature record: CXX_FEATURE:1cxx_unrestricted_unions
    Feature record: CXX_FEATURE:1cxx_user_literals
    Feature record: CXX_FEATURE:1cxx_variable_templates
    Feature record: CXX_FEATURE:1cxx_variadic_macros
    Feature record: CXX_FEATURE:1cxx_variadic_templates


Detecting CXX [-std=c++11] compiler features compiled with the following output:
Change Dir: /home/thib/baxter-ridgeback-kinetic_ws/build/ceres-solver/CMakeFiles/CMakeTmp

Run Build Command:"/usr/bin/make" "cmTC_8940c/fast"
/usr/bin/make -f CMakeFiles/cmTC_8940c.dir/build.make CMakeFiles/cmTC_8940c.dir/build
make[1]: Entering directory '/home/thib/baxter-ridgeback-kinetic_ws/build/ceres-solver/CMakeFiles/CMakeTmp'
Building CXX object CMakeFiles/cmTC_8940c.dir/feature_tests.cxx.o
/usr/bin/c++     -std=c++11 -o CMakeFiles/cmTC_8940c.dir/feature_tests.cxx.o -c /home/thib/baxter-ridgeback-kinetic_ws/build/ceres-solver/CMakeFiles/feature_tests.cxx
Linking CXX executable cmTC_8940c
/usr/bin/cmake -E cmake_link_script CMakeFiles/cmTC_8940c.dir/link.txt --verbose=1
/usr/bin/c++        CMakeFiles/cmTC_8940c.dir/feature_tests.cxx.o  -o cmTC_8940c -rdynamic 
make[1]: Leaving directory '/home/thib/baxter-ridgeback-kinetic_ws/build/ceres-solver/CMakeFiles/CMakeTmp'


    Feature record: CXX_FEATURE:0cxx_aggregate_default_initializers
    Feature record: CXX_FEATURE:1cxx_alias_templates
    Feature record: CXX_FEATURE:1cxx_alignas
    Feature record: CXX_FEATURE:1cxx_alignof
    Feature record: CXX_FEATURE:1cxx_attributes
    Feature record: CXX_FEATURE:0cxx_attribute_deprecated
    Feature record: CXX_FEATURE:1cxx_auto_type
    Feature record: CXX_FEATURE:0cxx_binary_literals
    Feature record: CXX_FEATURE:1cxx_constexpr
    Feature record: CXX_FEATURE:0cxx_contextual_conversions
    Feature record: CXX_FEATURE:1cxx_decltype
    Feature record: CXX_FEATURE:0cxx_decltype_auto
    Feature record: CXX_FEATURE:1cxx_decltype_incomplete_return_types
    Feature record: CXX_FEATURE:1cxx_default_function_template_args
    Feature record: CXX_FEATURE:1cxx_defaulted_functions
    Feature record: CXX_FEATURE:1cxx_defaulted_move_initializers
    Feature record: CXX_FEATURE:1cxx_delegating_constructors
    Feature record: CXX_FEATURE:1cxx_deleted_functions
    Feature record: CXX_FEATURE:0cxx_digit_separators
    Feature record: CXX_FEATURE:1cxx_enum_forward_declarations
    Feature record: CXX_FEATURE:1cxx_explicit_conversions
    Feature record: CXX_FEATURE:1cxx_extended_friend_declarations
    Feature record: CXX_FEATURE:1cxx_extern_templates
    Feature record: CXX_FEATURE:1cxx_final
    Feature record: CXX_FEATURE:1cxx_func_identifier
    Feature record: CXX_FEATURE:1cxx_generalized_initializers
    Feature record: CXX_FEATURE:0cxx_generic_lambdas
    Feature record: CXX_FEATURE:1cxx_inheriting_constructors
    Feature record: CXX_FEATURE:1cxx_inline_namespaces
    Feature record: CXX_FEATURE:1cxx_lambdas
    Feature record: CXX_FEATURE:0cxx_lambda_init_captures
    Feature record: CXX_FEATURE:1cxx_local_type_template_args
    Feature record: CXX_FEATURE:1cxx_long_long_type
    Feature record: CXX_FEATURE:1cxx_noexcept
    Feature record: CXX_FEATURE:1cxx_nonstatic_member_init
    Feature record: CXX_FEATURE:1cxx_nullptr
    Feature record: CXX_FEATURE:1cxx_override
    Feature record: CXX_FEATURE:1cxx_range_for
    Feature record: CXX_FEATURE:1cxx_raw_string_literals
    Feature record: CXX_FEATURE:1cxx_reference_qualified_functions
    Feature record: CXX_FEATURE:0cxx_relaxed_constexpr
    Feature record: CXX_FEATURE:0cxx_return_type_deduction
    Feature record: CXX_FEATURE:1cxx_right_angle_brackets
    Feature record: CXX_FEATURE:1cxx_rvalue_references
    Feature record: CXX_FEATURE:1cxx_sizeof_member
    Feature record: CXX_FEATURE:1cxx_static_assert
    Feature record: CXX_FEATURE:1cxx_strong_enums
    Feature record: CXX_FEATURE:1cxx_template_template_parameters
    Feature record: CXX_FEATURE:1cxx_thread_local
    Feature record: CXX_FEATURE:1cxx_trailing_return_types
    Feature record: CXX_FEATURE:1cxx_unicode_literals
    Feature record: CXX_FEATURE:1cxx_uniform_initialization
    Feature record: CXX_FEATURE:1cxx_unrestricted_unions
    Feature record: CXX_FEATURE:1cxx_user_literals
    Feature record: CXX_FEATURE:0cxx_variable_templates
    Feature record: CXX_FEATURE:1cxx_variadic_macros
    Feature record: CXX_FEATURE:1cxx_variadic_templates


Detecting CXX [-std=c++98] compiler features compiled with the following output:
Change Dir: /home/thib/baxter-ridgeback-kinetic_ws/build/ceres-solver/CMakeFiles/CMakeTmp

Run Build Command:"/usr/bin/make" "cmTC_f792e/fast"
/usr/bin/make -f CMakeFiles/cmTC_f792e.dir/build.make CMakeFiles/cmTC_f792e.dir/build
make[1]: Entering directory '/home/thib/baxter-ridgeback-kinetic_ws/build/ceres-solver/CMakeFiles/CMakeTmp'
Building CXX object CMakeFiles/cmTC_f792e.dir/feature_tests.cxx.o
/usr/bin/c++     -std=c++98 -o CMakeFiles/cmTC_f792e.dir/feature_tests.cxx.o -c /home/thib/baxter-ridgeback-kinetic_ws/build/ceres-solver/CMakeFiles/feature_tests.cxx
Linking CXX executable cmTC_f792e
/usr/bin/cmake -E cmake_link_script CMakeFiles/cmTC_f792e.dir/link.txt --verbose=1
/usr/bin/c++        CMakeFiles/cmTC_f792e.dir/feature_tests.cxx.o  -o cmTC_f792e -rdynamic 
make[1]: Leaving directory '/home/thib/baxter-ridgeback-kinetic_ws/build/ceres-solver/CMakeFiles/CMakeTmp'


    Feature record: CXX_FEATURE:0cxx_aggregate_default_initializers
    Feature record: CXX_FEATURE:0cxx_alias_templates
    Feature record: CXX_FEATURE:0cxx_alignas
    Feature record: CXX_FEATURE:0cxx_alignof
    Feature record: CXX_FEATURE:0cxx_attributes
    Feature record: CXX_FEATURE:0cxx_attribute_deprecated
    Feature record: CXX_FEATURE:0cxx_auto_type
    Feature record: CXX_FEATURE:0cxx_binary_literals
    Feature record: CXX_FEATURE:0cxx_constexpr
    Feature record: CXX_FEATURE:0cxx_contextual_conversions
    Feature record: CXX_FEATURE:0cxx_decltype
    Feature record: CXX_FEATURE:0cxx_decltype_auto
    Feature record: CXX_FEATURE:0cxx_decltype_incomplete_return_types
    Feature record: CXX_FEATURE:0cxx_default_function_template_args
    Feature record: CXX_FEATURE:0cxx_defaulted_functions
    Feature record: CXX_FEATURE:0cxx_defaulted_move_initializers
    Feature record: CXX_FEATURE:0cxx_delegating_constructors
    Feature record: CXX_FEATURE:0cxx_deleted_functions
    Feature record: CXX_FEATURE:0cxx_digit_separators
    Feature record: CXX_FEATURE:0cxx_enum_forward_declarations
    Feature record: CXX_FEATURE:0cxx_explicit_conversions
    Feature record: CXX_FEATURE:0cxx_extended_friend_declarations
    Feature record: CXX_FEATURE:0cxx_extern_templates
    Feature record: CXX_FEATURE:0cxx_final
    Feature record: CXX_FEATURE:0cxx_func_identifier
    Feature record: CXX_FEATURE:0cxx_generalized_initializers
    Feature record: CXX_FEATURE:0cxx_generic_lambdas
    Feature record: CXX_FEATURE:0cxx_inheriting_constructors
    Feature record: CXX_FEATURE:0cxx_inline_namespaces
    Feature record: CXX_FEATURE:0cxx_lambdas
    Feature record: CXX_FEATURE:0cxx_lambda_init_captures
    Feature record: CXX_FEATURE:0cxx_local_type_template_args
    Feature record: CXX_FEATURE:0cxx_long_long_type
    Feature record: CXX_FEATURE:0cxx_noexcept
    Feature record: CXX_FEATURE:0cxx_nonstatic_member_init
    Feature record: CXX_FEATURE:0cxx_nullptr
    Feature record: CXX_FEATURE:0cxx_override
    Feature record: CXX_FEATURE:0cxx_range_for
    Feature record: CXX_FEATURE:0cxx_raw_string_literals
    Feature record: CXX_FEATURE:0cxx_reference_qualified_functions
    Feature record: CXX_FEATURE:0cxx_relaxed_constexpr
    Feature record: CXX_FEATURE:0cxx_return_type_deduction
    Feature record: CXX_FEATURE:0cxx_right_angle_brackets
    Feature record: CXX_FEATURE:0cxx_rvalue_references
    Feature record: CXX_FEATURE:0cxx_sizeof_member
    Feature record: CXX_FEATURE:0cxx_static_assert
    Feature record: CXX_FEATURE:0cxx_strong_enums
    Feature record: CXX_FEATURE:1cxx_template_template_parameters
    Feature record: CXX_FEATURE:0cxx_thread_local
    Feature record: CXX_FEATURE:0cxx_trailing_return_types
    Feature record: CXX_FEATURE:0cxx_unicode_literals
    Feature record: CXX_FEATURE:0cxx_uniform_initialization
    Feature record: CXX_FEATURE:0cxx_unrestricted_unions
    Feature record: CXX_FEATURE:0cxx_user_literals
    Feature record: CXX_FEATURE:0cxx_variable_templates
    Feature record: CXX_FEATURE:0cxx_variadic_macros
    Feature record: CXX_FEATURE:0cxx_variadic_templates
Determining if the function dgemm_ exists passed with the following output:
Change Dir: /home/thib/baxter-ridgeback-kinetic_ws/build/ceres-solver/CMakeFiles/CMakeTmp

Run Build Command:"/usr/bin/make" "cmTC_2fecd/fast"
/usr/bin/make -f CMakeFiles/cmTC_2fecd.dir/build.make CMakeFiles/cmTC_2fecd.dir/build
make[1]: Entering directory '/home/thib/baxter-ridgeback-kinetic_ws/build/ceres-solver/CMakeFiles/CMakeTmp'
Building C object CMakeFiles/cmTC_2fecd.dir/CheckFunctionExists.c.o
/usr/bin/cc    -DCHECK_FUNCTION_EXISTS=dgemm_   -o CMakeFiles/cmTC_2fecd.dir/CheckFunctionExists.c.o   -c /usr/share/cmake-3.5/Modules/CheckFunctionExists.c
Linking C executable cmTC_2fecd
/usr/bin/cmake -E cmake_link_script CMakeFiles/cmTC_2fecd.dir/link.txt --verbose=1
/usr/bin/cc   -DCHECK_FUNCTION_EXISTS=dgemm_    CMakeFiles/cmTC_2fecd.dir/CheckFunctionExists.c.o  -o cmTC_2fecd -rdynamic /usr/lib/libf77blas.so /usr/lib/libatlas.so 
make[1]: Leaving directory '/home/thib/baxter-ridgeback-kinetic_ws/build/ceres-solver/CMakeFiles/CMakeTmp'


Determining if the include file pthread.h exists passed with the following output:
Change Dir: /home/thib/baxter-ridgeback-kinetic_ws/build/ceres-solver/CMakeFiles/CMakeTmp

Run Build Command:"/usr/bin/make" "cmTC_fce0e/fast"
/usr/bin/make -f CMakeFiles/cmTC_fce0e.dir/build.make CMakeFiles/cmTC_fce0e.dir/build
make[1]: Entering directory '/home/thib/baxter-ridgeback-kinetic_ws/build/ceres-solver/CMakeFiles/CMakeTmp'
Building C object CMakeFiles/cmTC_fce0e.dir/CheckIncludeFile.c.o
/usr/bin/cc     -o CMakeFiles/cmTC_fce0e.dir/CheckIncludeFile.c.o   -c /home/thib/baxter-ridgeback-kinetic_ws/build/ceres-solver/CMakeFiles/CMakeTmp/CheckIncludeFile.c
Linking C executable cmTC_fce0e
/usr/bin/cmake -E cmake_link_script CMakeFiles/cmTC_fce0e.dir/link.txt --verbose=1
/usr/bin/cc       CMakeFiles/cmTC_fce0e.dir/CheckIncludeFile.c.o  -o cmTC_fce0e -rdynamic 
make[1]: Leaving directory '/home/thib/baxter-ridgeback-kinetic_ws/build/ceres-solver/CMakeFiles/CMakeTmp'


Determining if the function pthread_create exists in the pthread passed with the following output:
Change Dir: /home/thib/baxter-ridgeback-kinetic_ws/build/ceres-solver/CMakeFiles/CMakeTmp

Run Build Command:"/usr/bin/make" "cmTC_54286/fast"
/usr/bin/make -f CMakeFiles/cmTC_54286.dir/build.make CMakeFiles/cmTC_54286.dir/build
make[1]: Entering directory '/home/thib/baxter-ridgeback-kinetic_ws/build/ceres-solver/CMakeFiles/CMakeTmp'
Building C object CMakeFiles/cmTC_54286.dir/CheckFunctionExists.c.o
/usr/bin/cc    -DCHECK_FUNCTION_EXISTS=pthread_create   -o CMakeFiles/cmTC_54286.dir/CheckFunctionExists.c.o   -c /usr/share/cmake-3.5/Modules/CheckFunctionExists.c
Linking C executable cmTC_54286
/usr/bin/cmake -E cmake_link_script CMakeFiles/cmTC_54286.dir/link.txt --verbose=1
/usr/bin/cc   -DCHECK_FUNCTION_EXISTS=pthread_create    CMakeFiles/cmTC_54286.dir/CheckFunctionExists.c.o  -o cmTC_54286 -rdynamic -lpthread 
make[1]: Leaving directory '/home/thib/baxter-ridgeback-kinetic_ws/build/ceres-solver/CMakeFiles/CMakeTmp'


Determining if the function cheev_ exists passed with the following output:
Change Dir: /home/thib/baxter-ridgeback-kinetic_ws/build/ceres-solver/CMakeFiles/CMakeTmp

Run Build Command:"/usr/bin/make" "cmTC_66fd4/fast"
/usr/bin/make -f CMakeFiles/cmTC_66fd4.dir/build.make CMakeFiles/cmTC_66fd4.dir/build
make[1]: Entering directory '/home/thib/baxter-ridgeback-kinetic_ws/build/ceres-solver/CMakeFiles/CMakeTmp'
Building C object CMakeFiles/cmTC_66fd4.dir/CheckFunctionExists.c.o
/usr/bin/cc    -DCHECK_FUNCTION_EXISTS=cheev_   -o CMakeFiles/cmTC_66fd4.dir/CheckFunctionExists.c.o   -c /usr/share/cmake-3.5/Modules/CheckFunctionExists.c
Linking C executable cmTC_66fd4
/usr/bin/cmake -E cmake_link_script CMakeFiles/cmTC_66fd4.dir/link.txt --verbose=1
/usr/bin/cc   -DCHECK_FUNCTION_EXISTS=cheev_    CMakeFiles/cmTC_66fd4.dir/CheckFunctionExists.c.o  -o cmTC_66fd4 -rdynamic /usr/lib/liblapack.so /usr/lib/libf77blas.so /usr/lib/libatlas.so 
make[1]: Leaving directory '/home/thib/baxter-ridgeback-kinetic_ws/build/ceres-solver/CMakeFiles/CMakeTmp'


Performing C++ SOURCE FILE Test GFLAGS_IN_GOOGLE_NAMESPACE succeeded with the following output:
Change Dir: /home/thib/baxter-ridgeback-kinetic_ws/build/ceres-solver/CMakeFiles/CMakeTmp

Run Build Command:"/usr/bin/make" "cmTC_45834/fast"
/usr/bin/make -f CMakeFiles/cmTC_45834.dir/build.make CMakeFiles/cmTC_45834.dir/build
make[1]: Entering directory '/home/thib/baxter-ridgeback-kinetic_ws/build/ceres-solver/CMakeFiles/CMakeTmp'
Building CXX object CMakeFiles/cmTC_45834.dir/src.cxx.o
/usr/bin/c++     -DGFLAGS_IN_GOOGLE_NAMESPACE   -o CMakeFiles/cmTC_45834.dir/src.cxx.o -c /home/thib/baxter-ridgeback-kinetic_ws/build/ceres-solver/CMakeFiles/CMakeTmp/src.cxx
Linking CXX executable cmTC_45834
/usr/bin/cmake -E cmake_link_script CMakeFiles/cmTC_45834.dir/link.txt --verbose=1
/usr/bin/c++    -DGFLAGS_IN_GOOGLE_NAMESPACE    CMakeFiles/cmTC_45834.dir/src.cxx.o  -o cmTC_45834 -rdynamic /usr/lib/x86_64-linux-gnu/libgflags.so -lpthread 
make[1]: Leaving directory '/home/thib/baxter-ridgeback-kinetic_ws/build/ceres-solver/CMakeFiles/CMakeTmp'

Source file was:
#include <gflags/gflags.h>
     int main(int argc, char * argv[]) {
       google::ParseCommandLineFlags(&argc, &argv, true);
       return 0;
     }
Performing C SOURCE FILE Test OpenMP_FLAG_DETECTED succeeded with the following output:
Change Dir: /home/thib/baxter-ridgeback-kinetic_ws/build/ceres-solver/CMakeFiles/CMakeTmp

Run Build Command:"/usr/bin/make" "cmTC_f2c76/fast"
/usr/bin/make -f CMakeFiles/cmTC_f2c76.dir/build.make CMakeFiles/cmTC_f2c76.dir/build
make[1]: Entering directory '/home/thib/baxter-ridgeback-kinetic_ws/build/ceres-solver/CMakeFiles/CMakeTmp'
Building C object CMakeFiles/cmTC_f2c76.dir/src.c.o
/usr/bin/cc    -DOpenMP_FLAG_DETECTED -fopenmp   -o CMakeFiles/cmTC_f2c76.dir/src.c.o   -c /home/thib/baxter-ridgeback-kinetic_ws/build/ceres-solver/CMakeFiles/CMakeTmp/src.c
Linking C executable cmTC_f2c76
/usr/bin/cmake -E cmake_link_script CMakeFiles/cmTC_f2c76.dir/link.txt --verbose=1
/usr/bin/cc   -DOpenMP_FLAG_DETECTED -fopenmp    CMakeFiles/cmTC_f2c76.dir/src.c.o  -o cmTC_f2c76 -rdynamic 
make[1]: Leaving directory '/home/thib/baxter-ridgeback-kinetic_ws/build/ceres-solver/CMakeFiles/CMakeTmp'

Source file was:

#include <omp.h>
int main() {
#ifdef _OPENMP
  return 0;
#else
  breaks_on_purpose
#endif
}

Performing C++ SOURCE FILE Test OpenMP_FLAG_DETECTED succeeded with the following output:
Change Dir: /home/thib/baxter-ridgeback-kinetic_ws/build/ceres-solver/CMakeFiles/CMakeTmp

Run Build Command:"/usr/bin/make" "cmTC_8635f/fast"
/usr/bin/make -f CMakeFiles/cmTC_8635f.dir/build.make CMakeFiles/cmTC_8635f.dir/build
make[1]: Entering directory '/home/thib/baxter-ridgeback-kinetic_ws/build/ceres-solver/CMakeFiles/CMakeTmp'
Building CXX object CMakeFiles/cmTC_8635f.dir/src.cxx.o
/usr/bin/c++     -DOpenMP_FLAG_DETECTED -fopenmp   -o CMakeFiles/cmTC_8635f.dir/src.cxx.o -c /home/thib/baxter-ridgeback-kinetic_ws/build/ceres-solver/CMakeFiles/CMakeTmp/src.cxx
Linking CXX executable cmTC_8635f
/usr/bin/cmake -E cmake_link_script CMakeFiles/cmTC_8635f.dir/link.txt --verbose=1
/usr/bin/c++    -DOpenMP_FLAG_DETECTED -fopenmp    CMakeFiles/cmTC_8635f.dir/src.cxx.o  -o cmTC_8635f -rdynamic 
make[1]: Leaving directory '/home/thib/baxter-ridgeback-kinetic_ws/build/ceres-solver/CMakeFiles/CMakeTmp'

Source file was:

#include <omp.h>
int main() {
#ifdef _OPENMP
  return 0;
#else
  breaks_on_purpose
#endif
}

Performing C++ SOURCE FILE Test COMPILER_HAS_CXX11_FLAG succeeded with the following output:
Change Dir: /home/thib/baxter-ridgeback-kinetic_ws/build/ceres-solver/CMakeFiles/CMakeTmp

Run Build Command:"/usr/bin/make" "cmTC_ee72a/fast"
/usr/bin/make -f CMakeFiles/cmTC_ee72a.dir/build.make CMakeFiles/cmTC_ee72a.dir/build
make[1]: Entering directory '/home/thib/baxter-ridgeback-kinetic_ws/build/ceres-solver/CMakeFiles/CMakeTmp'
Building CXX object CMakeFiles/cmTC_ee72a.dir/src.cxx.o
/usr/bin/c++     -fopenmp -DCOMPILER_HAS_CXX11_FLAG  -fopenmp   -std=c++11 -o CMakeFiles/cmTC_ee72a.dir/src.cxx.o -c /home/thib/baxter-ridgeback-kinetic_ws/build/ceres-solver/CMakeFiles/CMakeTmp/src.cxx
Linking CXX executable cmTC_ee72a
/usr/bin/cmake -E cmake_link_script CMakeFiles/cmTC_ee72a.dir/link.txt --verbose=1
/usr/bin/c++    -fopenmp -DCOMPILER_HAS_CXX11_FLAG  -fopenmp    CMakeFiles/cmTC_ee72a.dir/src.cxx.o  -o cmTC_ee72a -rdynamic 
make[1]: Leaving directory '/home/thib/baxter-ridgeback-kinetic_ws/build/ceres-solver/CMakeFiles/CMakeTmp'

Source file was:
int main() { return 0; }
Determining if the include file tr1/unordered_map exists passed with the following output:
Change Dir: /home/thib/baxter-ridgeback-kinetic_ws/build/ceres-solver/CMakeFiles/CMakeTmp

Run Build Command:"/usr/bin/make" "cmTC_5794f/fast"
/usr/bin/make -f CMakeFiles/cmTC_5794f.dir/build.make CMakeFiles/cmTC_5794f.dir/build
make[1]: Entering directory '/home/thib/baxter-ridgeback-kinetic_ws/build/ceres-solver/CMakeFiles/CMakeTmp'
Building CXX object CMakeFiles/cmTC_5794f.dir/CheckIncludeFile.cxx.o
/usr/bin/c++     -fopenmp  -fopenmp   -o CMakeFiles/cmTC_5794f.dir/CheckIncludeFile.cxx.o -c /home/thib/baxter-ridgeback-kinetic_ws/build/ceres-solver/CMakeFiles/CMakeTmp/CheckIncludeFile.cxx
Linking CXX executable cmTC_5794f
/usr/bin/cmake -E cmake_link_script CMakeFiles/cmTC_5794f.dir/link.txt --verbose=1
/usr/bin/c++    -fopenmp  -fopenmp    CMakeFiles/cmTC_5794f.dir/CheckIncludeFile.cxx.o  -o cmTC_5794f -rdynamic 
make[1]: Leaving directory '/home/thib/baxter-ridgeback-kinetic_ws/build/ceres-solver/CMakeFiles/CMakeTmp'


Determining if the include file memory exists passed with the following output:
Change Dir: /home/thib/baxter-ridgeback-kinetic_ws/build/ceres-solver/CMakeFiles/CMakeTmp

Run Build Command:"/usr/bin/make" "cmTC_eb2df/fast"
/usr/bin/make -f CMakeFiles/cmTC_eb2df.dir/build.make CMakeFiles/cmTC_eb2df.dir/build
make[1]: Entering directory '/home/thib/baxter-ridgeback-kinetic_ws/build/ceres-solver/CMakeFiles/CMakeTmp'
Building CXX object CMakeFiles/cmTC_eb2df.dir/CheckIncludeFile.cxx.o
/usr/bin/c++     -fopenmp  -fopenmp   -o CMakeFiles/cmTC_eb2df.dir/CheckIncludeFile.cxx.o -c /home/thib/baxter-ridgeback-kinetic_ws/build/ceres-solver/CMakeFiles/CMakeTmp/CheckIncludeFile.cxx
Linking CXX executable cmTC_eb2df
/usr/bin/cmake -E cmake_link_script CMakeFiles/cmTC_eb2df.dir/link.txt --verbose=1
/usr/bin/c++    -fopenmp  -fopenmp    CMakeFiles/cmTC_eb2df.dir/CheckIncludeFile.cxx.o  -o cmTC_eb2df -rdynamic 
make[1]: Leaving directory '/home/thib/baxter-ridgeback-kinetic_ws/build/ceres-solver/CMakeFiles/CMakeTmp'


Determining if the include file tr1/memory exists passed with the following output:
Change Dir: /home/thib/baxter-ridgeback-kinetic_ws/build/ceres-solver/CMakeFiles/CMakeTmp

Run Build Command:"/usr/bin/make" "cmTC_56972/fast"
/usr/bin/make -f CMakeFiles/cmTC_56972.dir/build.make CMakeFiles/cmTC_56972.dir/build
make[1]: Entering directory '/home/thib/baxter-ridgeback-kinetic_ws/build/ceres-solver/CMakeFiles/CMakeTmp'
Building CXX object CMakeFiles/cmTC_56972.dir/CheckIncludeFile.cxx.o
/usr/bin/c++     -fopenmp  -fopenmp   -o CMakeFiles/cmTC_56972.dir/CheckIncludeFile.cxx.o -c /home/thib/baxter-ridgeback-kinetic_ws/build/ceres-solver/CMakeFiles/CMakeTmp/CheckIncludeFile.cxx
Linking CXX executable cmTC_56972
/usr/bin/cmake -E cmake_link_script CMakeFiles/cmTC_56972.dir/link.txt --verbose=1
/usr/bin/c++    -fopenmp  -fopenmp    CMakeFiles/cmTC_56972.dir/CheckIncludeFile.cxx.o  -o cmTC_56972 -rdynamic 
make[1]: Leaving directory '/home/thib/baxter-ridgeback-kinetic_ws/build/ceres-solver/CMakeFiles/CMakeTmp'


Performing C++ SOURCE FILE Test HAVE_SHARED_PTR_IN_TR1_NAMESPACE_FROM_TR1_MEMORY_HEADER succeeded with the following output:
Change Dir: /home/thib/baxter-ridgeback-kinetic_ws/build/ceres-solver/CMakeFiles/CMakeTmp

Run Build Command:"/usr/bin/make" "cmTC_22a7e/fast"
/usr/bin/make -f CMakeFiles/cmTC_22a7e.dir/build.make CMakeFiles/cmTC_22a7e.dir/build
make[1]: Entering directory '/home/thib/baxter-ridgeback-kinetic_ws/build/ceres-solver/CMakeFiles/CMakeTmp'
Building CXX object CMakeFiles/cmTC_22a7e.dir/src.cxx.o
/usr/bin/c++     -fopenmp -DHAVE_SHARED_PTR_IN_TR1_NAMESPACE_FROM_TR1_MEMORY_HEADER  -fopenmp   -o CMakeFiles/cmTC_22a7e.dir/src.cxx.o -c /home/thib/baxter-ridgeback-kinetic_ws/build/ceres-solver/CMakeFiles/CMakeTmp/src.cxx
Linking CXX executable cmTC_22a7e
/usr/bin/cmake -E cmake_link_script CMakeFiles/cmTC_22a7e.dir/link.txt --verbose=1
/usr/bin/c++    -fopenmp -DHAVE_SHARED_PTR_IN_TR1_NAMESPACE_FROM_TR1_MEMORY_HEADER  -fopenmp    CMakeFiles/cmTC_22a7e.dir/src.cxx.o  -o cmTC_22a7e -rdynamic 
make[1]: Leaving directory '/home/thib/baxter-ridgeback-kinetic_ws/build/ceres-solver/CMakeFiles/CMakeTmp'

Source file was:
#include <tr1/memory>
                                 int main() {
                                   std::tr1::shared_ptr<int> int_ptr;
                                   return 0;
                                 }
