[35m[1mScanning dependencies of target cartographer_rviz_automoc[0m
[35m[1mScanning dependencies of target map_msgs_generate_messages_eus[0m
[35m[1mScanning dependencies of target tf_generate_messages_py[0m
[35m[1mScanning dependencies of target visualization_msgs_generate_messages_py[0m
[35m[1mScanning dependencies of target visualization_msgs_generate_messages_nodejs[0m
[35m[1mScanning dependencies of target map_msgs_generate_messages_nodejs[0m
[35m[1mScanning dependencies of target tf_generate_messages_eus[0m
[35m[1mScanning dependencies of target map_msgs_generate_messages_lisp[0m
[  5%] Built target map_msgs_generate_messages_eus
[  5%] [34m[1mAutomatic moc for target cartographer_rviz[0m
[  5%] Built target tf_generate_messages_py
[  5%] Built target visualization_msgs_generate_messages_py
[  5%] Built target visualization_msgs_generate_messages_nodejs
[  5%] Built target map_msgs_generate_messages_lisp
[  5%] Built target tf_generate_messages_eus
[  5%] Built target map_msgs_generate_messages_nodejs
[34m[1mGenerating moc_drawable_submap.cpp[0m
[35m[1mScanning dependencies of target map_msgs_generate_messages_py[0m
[35m[1mScanning dependencies of target tf2_msgs_generate_messages_eus[0m
[35m[1mScanning dependencies of target actionlib_generate_messages_eus[0m
[35m[1mScanning dependencies of target tf2_msgs_generate_messages_lisp[0m
[35m[1mScanning dependencies of target tf2_msgs_generate_messages_nodejs[0m
[35m[1mScanning dependencies of target actionlib_generate_messages_py[0m
[35m[1mScanning dependencies of target tf2_msgs_generate_messages_cpp[0m
[  5%] Built target tf2_msgs_generate_messages_eus
[  5%] Built target map_msgs_generate_messages_py
[  5%] Built target actionlib_generate_messages_py
[  5%] Built target tf2_msgs_generate_messages_lisp
[  5%] Built target actionlib_generate_messages_eus
[  5%] Built target tf2_msgs_generate_messages_nodejs
[  5%] Built target tf2_msgs_generate_messages_cpp
[35m[1mScanning dependencies of target topic_tools_generate_messages_eus[0m
[35m[1mScanning dependencies of target topic_tools_generate_messages_nodejs[0m
[35m[1mScanning dependencies of target topic_tools_generate_messages_cpp[0m
[35m[1mScanning dependencies of target topic_tools_generate_messages_lisp[0m
[35m[1mScanning dependencies of target std_srvs_generate_messages_cpp[0m
[35m[1mScanning dependencies of target tf_generate_messages_lisp[0m
[  5%] Built target topic_tools_generate_messages_nodejs
[35m[1mScanning dependencies of target rosgraph_msgs_generate_messages_py[0m
[  5%] Built target topic_tools_generate_messages_cpp
[  5%] Built target topic_tools_generate_messages_eus
[  5%] Built target topic_tools_generate_messages_lisp
[  5%] Built target tf_generate_messages_lisp
[  5%] Built target std_srvs_generate_messages_cpp
[35m[1mScanning dependencies of target rosgraph_msgs_generate_messages_nodejs[0m
[35m[1mScanning dependencies of target rosgraph_msgs_generate_messages_eus[0m
[35m[1mScanning dependencies of target rosgraph_msgs_generate_messages_lisp[0m
[  5%] Built target rosgraph_msgs_generate_messages_py
[  5%] Built target rosgraph_msgs_generate_messages_nodejs
[35m[1mScanning dependencies of target std_srvs_generate_messages_py[0m
[35m[1mScanning dependencies of target visualization_msgs_generate_messages_cpp[0m
[  5%] Built target rosgraph_msgs_generate_messages_eus
[  5%] Built target rosgraph_msgs_generate_messages_lisp
[35m[1mScanning dependencies of target nav_msgs_generate_messages_cpp[0m
[35m[1mScanning dependencies of target std_msgs_generate_messages_eus[0m
[  5%] Built target visualization_msgs_generate_messages_cpp
[  5%] Built target std_srvs_generate_messages_py
[35m[1mScanning dependencies of target roscpp_generate_messages_lisp[0m
[35m[1mScanning dependencies of target std_srvs_generate_messages_lisp[0m
[35m[1mScanning dependencies of target geometry_msgs_generate_messages_lisp[0m
[  5%] Built target nav_msgs_generate_messages_cpp
[  5%] Built target std_msgs_generate_messages_eus
[35m[1mScanning dependencies of target std_msgs_generate_messages_lisp[0m
[35m[1mScanning dependencies of target tf_generate_messages_nodejs[0m
[  5%] Built target std_srvs_generate_messages_lisp
[  5%] Built target roscpp_generate_messages_lisp
[  5%] Built target geometry_msgs_generate_messages_lisp
[35m[1mScanning dependencies of target roscpp_generate_messages_py[0m
[  5%] Built target std_msgs_generate_messages_lisp
[35m[1mScanning dependencies of target cartographer_ros_msgs_generate_messages_py[0m
[  5%] Built target tf_generate_messages_nodejs
[35m[1mScanning dependencies of target nav_msgs_generate_messages_eus[0m
[35m[1mScanning dependencies of target geometry_msgs_generate_messages_eus[0m
[35m[1mScanning dependencies of target actionlib_msgs_generate_messages_py[0m
[  5%] Built target roscpp_generate_messages_py
[35m[1mScanning dependencies of target roscpp_generate_messages_cpp[0m
[  5%] Built target cartographer_ros_msgs_generate_messages_py
[  5%] Built target nav_msgs_generate_messages_eus
[  5%] Built target geometry_msgs_generate_messages_eus
[35m[1mScanning dependencies of target pcl_msgs_generate_messages_lisp[0m
[  5%] Built target actionlib_msgs_generate_messages_py
[35m[1mScanning dependencies of target std_srvs_generate_messages_eus[0m
[35m[1mScanning dependencies of target sensor_msgs_generate_messages_nodejs[0m
[  5%] Built target roscpp_generate_messages_cpp
[35m[1mScanning dependencies of target geometry_msgs_generate_messages_cpp[0m
[35m[1mScanning dependencies of target actionlib_generate_messages_lisp[0m
[35m[1mScanning dependencies of target tf_generate_messages_cpp[0m
[  5%] Built target std_srvs_generate_messages_eus
[  5%] Built target pcl_msgs_generate_messages_lisp
[35m[1mScanning dependencies of target actionlib_msgs_generate_messages_eus[0m
[  5%] Built target geometry_msgs_generate_messages_cpp
[  5%] Built target sensor_msgs_generate_messages_nodejs
[  5%] Built target tf_generate_messages_cpp
[  5%] Built target actionlib_generate_messages_lisp
[35m[1mScanning dependencies of target cartographer_ros_msgs_generate_messages_lisp[0m
[35m[1mScanning dependencies of target roscpp_generate_messages_nodejs[0m
[  5%] Built target actionlib_msgs_generate_messages_eus
[35m[1mScanning dependencies of target visualization_msgs_generate_messages_lisp[0m
[35m[1mScanning dependencies of target pcl_msgs_generate_messages_cpp[0m
[35m[1mScanning dependencies of target cartographer_ros_msgs_generate_messages_nodejs[0m
[35m[1mScanning dependencies of target cartographer_ros_msgs_generate_messages_cpp[0m
[  5%] Built target cartographer_ros_msgs_generate_messages_lisp
[  5%] Built target visualization_msgs_generate_messages_lisp
[  5%] Built target roscpp_generate_messages_nodejs
[35m[1mScanning dependencies of target geometry_msgs_generate_messages_py[0m
[  5%] Built target pcl_msgs_generate_messages_cpp
[  5%] Built target cartographer_ros_msgs_generate_messages_nodejs
[  5%] Built target cartographer_ros_msgs_generate_messages_cpp
[35m[1mScanning dependencies of target std_msgs_generate_messages_nodejs[0m
[35m[1mScanning dependencies of target cartographer_ros_msgs_generate_messages_eus[0m
[35m[1mScanning dependencies of target geometry_msgs_generate_messages_nodejs[0m
[  5%] Built target geometry_msgs_generate_messages_py
[35m[1mScanning dependencies of target nav_msgs_generate_messages_lisp[0m
[35m[1mScanning dependencies of target nav_msgs_generate_messages_nodejs[0m
[  5%] Built target cartographer_ros_msgs_generate_messages_eus
[  5%] Built target std_msgs_generate_messages_nodejs
[35m[1mScanning dependencies of target std_msgs_generate_messages_py[0m
[  5%] Built target geometry_msgs_generate_messages_nodejs
[35m[1mScanning dependencies of target nav_msgs_generate_messages_py[0m
[  5%] Built target nav_msgs_generate_messages_lisp
[  5%] Built target nav_msgs_generate_messages_nodejs
[35m[1mScanning dependencies of target map_msgs_generate_messages_cpp[0m
[35m[1mScanning dependencies of target visualization_msgs_generate_messages_eus[0m
[  5%] Built target std_msgs_generate_messages_py
[  5%] Built target nav_msgs_generate_messages_py
[35m[1mScanning dependencies of target _catkin_empty_exported_target[0m
[35m[1mScanning dependencies of target actionlib_msgs_generate_messages_lisp[0m
[35m[1mScanning dependencies of target tf2_msgs_generate_messages_py[0m
[  5%] Built target _catkin_empty_exported_target
[  5%] Built target map_msgs_generate_messages_cpp
[35m[1mScanning dependencies of target topic_tools_generate_messages_py[0m
[  5%] Built target visualization_msgs_generate_messages_eus
[35m[1mScanning dependencies of target actionlib_msgs_generate_messages_nodejs[0m
[  5%] Built target actionlib_msgs_generate_messages_lisp
[  5%] Built target tf2_msgs_generate_messages_py
[35m[1mScanning dependencies of target rosgraph_msgs_generate_messages_cpp[0m
[35m[1mScanning dependencies of target pcl_msgs_generate_messages_eus[0m
[  5%] Built target topic_tools_generate_messages_py
[  5%] Built target actionlib_msgs_generate_messages_nodejs
[35m[1mScanning dependencies of target std_srvs_generate_messages_nodejs[0m
[35m[1mScanning dependencies of target pcl_msgs_generate_messages_nodejs[0m
[35m[1mScanning dependencies of target pcl_msgs_generate_messages_py[0m
[  5%] Built target pcl_msgs_generate_messages_eus
[  5%] Built target rosgraph_msgs_generate_messages_cpp
[35m[1mScanning dependencies of target actionlib_generate_messages_cpp[0m
[35m[1mScanning dependencies of target sensor_msgs_generate_messages_py[0m
[  5%] Built target std_srvs_generate_messages_nodejs
[  5%] Built target pcl_msgs_generate_messages_py
[  5%] Built target pcl_msgs_generate_messages_nodejs
[35m[1mScanning dependencies of target sensor_msgs_generate_messages_cpp[0m
[35m[1mScanning dependencies of target actionlib_generate_messages_nodejs[0m
[  5%] Built target actionlib_generate_messages_cpp
[  5%] Built target sensor_msgs_generate_messages_py
[35m[1mScanning dependencies of target actionlib_msgs_generate_messages_cpp[0m
[35m[1mScanning dependencies of target sensor_msgs_generate_messages_eus[0m
[35m[1mScanning dependencies of target std_msgs_generate_messages_cpp[0m
[  5%] Built target sensor_msgs_generate_messages_cpp
[  5%] Built target actionlib_generate_messages_nodejs
[35m[1mScanning dependencies of target sensor_msgs_generate_messages_lisp[0m
[35m[1mScanning dependencies of target roscpp_generate_messages_eus[0m
[  5%] Built target actionlib_msgs_generate_messages_cpp
[35m[1mScanning dependencies of target cartographer_rviz_detect_changes[0m
[  5%] Built target std_msgs_generate_messages_cpp
[  5%] Built target sensor_msgs_generate_messages_eus
[35m[1mScanning dependencies of target gmock[0m
[  5%] Built target sensor_msgs_generate_messages_lisp
[  5%] Built target roscpp_generate_messages_eus
[35m[1mScanning dependencies of target gmock_main[0m
[35m[1mScanning dependencies of target gtest[0m
[  5%] Built target cartographer_rviz_detect_changes
[ 11%] [32mBuilding CXX object gmock/CMakeFiles/gmock.dir/src/gmock-all.cc.o[0m
[ 17%] [32mBuilding CXX object gmock/CMakeFiles/gmock.dir/usr/src/gtest/src/gtest-all.cc.o[0m
[ 23%] [32mBuilding CXX object gmock/CMakeFiles/gmock_main.dir/src/gmock_main.cc.o[0m
[ 29%] [32mBuilding CXX object gmock/CMakeFiles/gmock_main.dir/src/gmock-all.cc.o[0m
[ 35%] [32mBuilding CXX object gmock/CMakeFiles/gmock_main.dir/usr/src/gtest/src/gtest-all.cc.o[0m
[ 41%] [32mBuilding CXX object gmock/gtest/CMakeFiles/gtest.dir/src/gtest-all.cc.o[0m
[34m[1mGenerating moc_submaps_display.cpp[0m
[ 47%] [32m[1mLinking CXX shared library libgmock_main.so[0m
[ 47%] Built target gmock_main
[ 52%] [32m[1mLinking CXX shared library libgtest.so[0m
[ 52%] Built target gtest
[35m[1mScanning dependencies of target gtest_main[0m
[ 58%] [32mBuilding CXX object gmock/gtest/CMakeFiles/gtest_main.dir/src/gtest_main.cc.o[0m
[ 64%] [32m[1mLinking CXX shared library libgmock.so[0m
[ 64%] Built target gmock
[ 70%] [32m[1mLinking CXX shared library libgtest_main.so[0m
[ 70%] Built target gtest_main
[ 70%] Built target cartographer_rviz_automoc
[35m[1mScanning dependencies of target cartographer_rviz[0m
[ 76%] [32mBuilding CXX object CMakeFiles/cartographer_rviz.dir/cartographer_rviz/ogre_slice.cc.o[0m
[ 82%] [32mBuilding CXX object CMakeFiles/cartographer_rviz.dir/cartographer_rviz/drawable_submap.cc.o[0m
[ 88%] [32mBuilding CXX object CMakeFiles/cartographer_rviz.dir/cartographer_rviz/submaps_display.cc.o[0m
[ 94%] [32mBuilding CXX object CMakeFiles/cartographer_rviz.dir/cartographer_rviz_automoc.cpp.o[0m
[100%] [32m[1mLinking CXX shared library /home/thib/baxter-ridgeback-kinetic_ws/devel/.private/cartographer_rviz/lib/libcartographer_rviz.so[0m
[100%] Built target cartographer_rviz
