Determining if the pthread_create exist failed with the following output:
Change Dir: /home/thib/baxter-ridgeback-kinetic_ws/build/baxter_interface/CMakeFiles/CMakeTmp

Run Build Command:"/usr/bin/make" "cmTC_936db/fast"
/usr/bin/make -f CMakeFiles/cmTC_936db.dir/build.make CMakeFiles/cmTC_936db.dir/build
make[1]: Entering directory '/home/thib/baxter-ridgeback-kinetic_ws/build/baxter_interface/CMakeFiles/CMakeTmp'
Building C object CMakeFiles/cmTC_936db.dir/CheckSymbolExists.c.o
/usr/bin/cc     -o CMakeFiles/cmTC_936db.dir/CheckSymbolExists.c.o   -c /home/thib/baxter-ridgeback-kinetic_ws/build/baxter_interface/CMakeFiles/CMakeTmp/CheckSymbolExists.c
Linking C executable cmTC_936db
/usr/bin/cmake -E cmake_link_script CMakeFiles/cmTC_936db.dir/link.txt --verbose=1
/usr/bin/cc       CMakeFiles/cmTC_936db.dir/CheckSymbolExists.c.o  -o cmTC_936db -rdynamic 
CMakeFiles/cmTC_936db.dir/CheckSymbolExists.c.o: In function `main':
CheckSymbolExists.c:(.text+0x16): undefined reference to `pthread_create'
collect2: error: ld returned 1 exit status
CMakeFiles/cmTC_936db.dir/build.make:97: recipe for target 'cmTC_936db' failed
make[1]: *** [cmTC_936db] Error 1
make[1]: Leaving directory '/home/thib/baxter-ridgeback-kinetic_ws/build/baxter_interface/CMakeFiles/CMakeTmp'
Makefile:126: recipe for target 'cmTC_936db/fast' failed
make: *** [cmTC_936db/fast] Error 2

File /home/thib/baxter-ridgeback-kinetic_ws/build/baxter_interface/CMakeFiles/CMakeTmp/CheckSymbolExists.c:
/* */
#include <pthread.h>

int main(int argc, char** argv)
{
  (void)argv;
#ifndef pthread_create
  return ((int*)(&pthread_create))[argc];
#else
  (void)argc;
  return 0;
#endif
}

Determining if the function pthread_create exists in the pthreads failed with the following output:
Change Dir: /home/thib/baxter-ridgeback-kinetic_ws/build/baxter_interface/CMakeFiles/CMakeTmp

Run Build Command:"/usr/bin/make" "cmTC_e94cd/fast"
/usr/bin/make -f CMakeFiles/cmTC_e94cd.dir/build.make CMakeFiles/cmTC_e94cd.dir/build
make[1]: Entering directory '/home/thib/baxter-ridgeback-kinetic_ws/build/baxter_interface/CMakeFiles/CMakeTmp'
Building C object CMakeFiles/cmTC_e94cd.dir/CheckFunctionExists.c.o
/usr/bin/cc    -DCHECK_FUNCTION_EXISTS=pthread_create   -o CMakeFiles/cmTC_e94cd.dir/CheckFunctionExists.c.o   -c /usr/share/cmake-3.5/Modules/CheckFunctionExists.c
Linking C executable cmTC_e94cd
/usr/bin/cmake -E cmake_link_script CMakeFiles/cmTC_e94cd.dir/link.txt --verbose=1
/usr/bin/cc   -DCHECK_FUNCTION_EXISTS=pthread_create    CMakeFiles/cmTC_e94cd.dir/CheckFunctionExists.c.o  -o cmTC_e94cd -rdynamic -lpthreads 
/usr/bin/ld: cannot find -lpthreads
collect2: error: ld returned 1 exit status
CMakeFiles/cmTC_e94cd.dir/build.make:97: recipe for target 'cmTC_e94cd' failed
make[1]: *** [cmTC_e94cd] Error 1
make[1]: Leaving directory '/home/thib/baxter-ridgeback-kinetic_ws/build/baxter_interface/CMakeFiles/CMakeTmp'
Makefile:126: recipe for target 'cmTC_e94cd/fast' failed
make: *** [cmTC_e94cd/fast] Error 2


