Determining if the pthread_create exist failed with the following output:
Change Dir: /home/thib/ridgeback-cartographer_ws/build/ridgeback_viz/CMakeFiles/CMakeTmp

Run Build Command:"/usr/bin/make" "cmTC_26c69/fast"
/usr/bin/make -f CMakeFiles/cmTC_26c69.dir/build.make CMakeFiles/cmTC_26c69.dir/build
make[1]: Entering directory '/home/thib/ridgeback-cartographer_ws/build/ridgeback_viz/CMakeFiles/CMakeTmp'
Building C object CMakeFiles/cmTC_26c69.dir/CheckSymbolExists.c.o
/usr/bin/cc     -o CMakeFiles/cmTC_26c69.dir/CheckSymbolExists.c.o   -c /home/thib/ridgeback-cartographer_ws/build/ridgeback_viz/CMakeFiles/CMakeTmp/CheckSymbolExists.c
Linking C executable cmTC_26c69
/usr/bin/cmake -E cmake_link_script CMakeFiles/cmTC_26c69.dir/link.txt --verbose=1
/usr/bin/cc       CMakeFiles/cmTC_26c69.dir/CheckSymbolExists.c.o  -o cmTC_26c69 -rdynamic 
CMakeFiles/cmTC_26c69.dir/CheckSymbolExists.c.o: In function `main':
CheckSymbolExists.c:(.text+0x16): undefined reference to `pthread_create'
collect2: error: ld returned 1 exit status
CMakeFiles/cmTC_26c69.dir/build.make:97: recipe for target 'cmTC_26c69' failed
make[1]: *** [cmTC_26c69] Error 1
make[1]: Leaving directory '/home/thib/ridgeback-cartographer_ws/build/ridgeback_viz/CMakeFiles/CMakeTmp'
Makefile:126: recipe for target 'cmTC_26c69/fast' failed
make: *** [cmTC_26c69/fast] Error 2

File /home/thib/ridgeback-cartographer_ws/build/ridgeback_viz/CMakeFiles/CMakeTmp/CheckSymbolExists.c:
/* */
#include <pthread.h>

int main(int argc, char** argv)
{
  (void)argv;
#ifndef pthread_create
  return ((int*)(&pthread_create))[argc];
#else
  (void)argc;
  return 0;
#endif
}

Determining if the function pthread_create exists in the pthreads failed with the following output:
Change Dir: /home/thib/ridgeback-cartographer_ws/build/ridgeback_viz/CMakeFiles/CMakeTmp

Run Build Command:"/usr/bin/make" "cmTC_dad6e/fast"
/usr/bin/make -f CMakeFiles/cmTC_dad6e.dir/build.make CMakeFiles/cmTC_dad6e.dir/build
make[1]: Entering directory '/home/thib/ridgeback-cartographer_ws/build/ridgeback_viz/CMakeFiles/CMakeTmp'
Building C object CMakeFiles/cmTC_dad6e.dir/CheckFunctionExists.c.o
/usr/bin/cc    -DCHECK_FUNCTION_EXISTS=pthread_create   -o CMakeFiles/cmTC_dad6e.dir/CheckFunctionExists.c.o   -c /usr/share/cmake-3.5/Modules/CheckFunctionExists.c
Linking C executable cmTC_dad6e
/usr/bin/cmake -E cmake_link_script CMakeFiles/cmTC_dad6e.dir/link.txt --verbose=1
/usr/bin/cc   -DCHECK_FUNCTION_EXISTS=pthread_create    CMakeFiles/cmTC_dad6e.dir/CheckFunctionExists.c.o  -o cmTC_dad6e -rdynamic -lpthreads 
/usr/bin/ld: cannot find -lpthreads
collect2: error: ld returned 1 exit status
CMakeFiles/cmTC_dad6e.dir/build.make:97: recipe for target 'cmTC_dad6e' failed
make[1]: *** [cmTC_dad6e] Error 1
make[1]: Leaving directory '/home/thib/ridgeback-cartographer_ws/build/ridgeback_viz/CMakeFiles/CMakeTmp'
Makefile:126: recipe for target 'cmTC_dad6e/fast' failed
make: *** [cmTC_dad6e/fast] Error 2


