[35m[1mScanning dependencies of target _ridgeback_msgs_generate_messages_check_deps_Status[0m
[  0%] Built target _ridgeback_msgs_generate_messages_check_deps_Status
[35m[1mScanning dependencies of target _ridgeback_msgs_generate_messages_check_deps_RGB[0m
[  0%] Built target _ridgeback_msgs_generate_messages_check_deps_RGB
[35m[1mScanning dependencies of target std_msgs_generate_messages_nodejs[0m
[  0%] Built target std_msgs_generate_messages_nodejs
[35m[1mScanning dependencies of target _ridgeback_msgs_generate_messages_check_deps_Fans[0m
[  0%] Built target _ridgeback_msgs_generate_messages_check_deps_Fans
[35m[1mScanning dependencies of target _ridgeback_msgs_generate_messages_check_deps_Lights[0m
[  0%] Built target _ridgeback_msgs_generate_messages_check_deps_Lights
[35m[1mScanning dependencies of target std_msgs_generate_messages_py[0m
[  0%] Built target std_msgs_generate_messages_py
[35m[1mScanning dependencies of target std_msgs_generate_messages_eus[0m
[  0%] Built target std_msgs_generate_messages_eus
[35m[1mScanning dependencies of target std_msgs_generate_messages_cpp[0m
[  0%] Built target std_msgs_generate_messages_cpp
[35m[1mScanning dependencies of target std_msgs_generate_messages_lisp[0m
[  0%] Built target std_msgs_generate_messages_lisp
[35m[1mScanning dependencies of target ridgeback_msgs_generate_messages_nodejs[0m
[  4%] [34m[1mGenerating Javascript code from ridgeback_msgs/Lights.msg[0m
[  9%] [34m[1mGenerating Javascript code from ridgeback_msgs/RGB.msg[0m
[ 13%] [34m[1mGenerating Javascript code from ridgeback_msgs/Status.msg[0m
[ 18%] [34m[1mGenerating Javascript code from ridgeback_msgs/Fans.msg[0m
[ 18%] Built target ridgeback_msgs_generate_messages_nodejs
[35m[1mScanning dependencies of target ridgeback_msgs_generate_messages_py[0m
[ 22%] [34m[1mGenerating Python from MSG ridgeback_msgs/Lights[0m
[ 27%] [34m[1mGenerating Python from MSG ridgeback_msgs/RGB[0m
[ 31%] [34m[1mGenerating Python from MSG ridgeback_msgs/Status[0m
[ 36%] [34m[1mGenerating Python from MSG ridgeback_msgs/Fans[0m
[ 40%] [34m[1mGenerating Python msg __init__.py for ridgeback_msgs[0m
[ 40%] Built target ridgeback_msgs_generate_messages_py
[35m[1mScanning dependencies of target ridgeback_msgs_generate_messages_eus[0m
[ 45%] [34m[1mGenerating EusLisp code from ridgeback_msgs/Lights.msg[0m
[ 50%] [34m[1mGenerating EusLisp code from ridgeback_msgs/RGB.msg[0m
[ 54%] [34m[1mGenerating EusLisp code from ridgeback_msgs/Status.msg[0m
[ 59%] [34m[1mGenerating EusLisp code from ridgeback_msgs/Fans.msg[0m
[ 63%] [34m[1mGenerating EusLisp manifest code for ridgeback_msgs[0m
[ 63%] Built target ridgeback_msgs_generate_messages_eus
[35m[1mScanning dependencies of target ridgeback_msgs_generate_messages_cpp[0m
[ 68%] [34m[1mGenerating C++ code from ridgeback_msgs/Lights.msg[0m
[ 72%] [34m[1mGenerating C++ code from ridgeback_msgs/RGB.msg[0m
[ 77%] [34m[1mGenerating C++ code from ridgeback_msgs/Status.msg[0m
[ 81%] [34m[1mGenerating C++ code from ridgeback_msgs/Fans.msg[0m
[ 81%] Built target ridgeback_msgs_generate_messages_cpp
[35m[1mScanning dependencies of target ridgeback_msgs_generate_messages_lisp[0m
[ 86%] [34m[1mGenerating Lisp code from ridgeback_msgs/Lights.msg[0m
[ 90%] [34m[1mGenerating Lisp code from ridgeback_msgs/RGB.msg[0m
[ 95%] [34m[1mGenerating Lisp code from ridgeback_msgs/Status.msg[0m
[100%] [34m[1mGenerating Lisp code from ridgeback_msgs/Fans.msg[0m
[100%] Built target ridgeback_msgs_generate_messages_lisp
[35m[1mScanning dependencies of target ridgeback_msgs_generate_messages[0m
[100%] Built target ridgeback_msgs_generate_messages
