[  2%] Built target gmock_main
[  2%] Built target cartographer_detect_changes
[  3%] Built target gmock
[  4%] Built target gtest
[  4%] [34m[1mBuilding documentation.[0m
[ 62%] Built target cartographer
[ 63%] Built target cartographer.mapping_2d.sparse_pose_graph_test
[ 64%] Built target cartographer.mapping_2d.submaps_test
[ 64%] Built target cartographer.mapping.probability_values_test
[ 65%] Built target cartographer.common.blocking_queue_test
[ 65%] Built target cartographer.mapping_2d.probability_grid_test
[01mRunning Sphinx v1.3.6[39;49;00m
[ 66%] Built target cartographer.mapping.submaps_test
[ 67%] Built target cartographer.mapping.pose_graph_trimmer_test
[ 68%] Built target cartographer.mapping_3d.submaps_test
[ 69%] Built target cartographer.mapping_3d.range_data_inserter_test
[ 70%] Built target cartographer.mapping_2d.map_limits_test
[ 71%] Built target cartographer.mapping.trajectory_connectivity_state_test
[ 72%] Built target cartographer.mapping_3d.scan_matching.rotational_scan_matcher_test
[01mloading pickled environment... [39;49;00mdone
[ 73%] Built target cartographer.common.math_test
[ 73%] Built target cartographer.mapping_3d.scan_matching.ceres_scan_matcher_test
[ 74%] Built target cartographer.mapping_3d.motion_filter_test
[ 75%] Built target cartographer.sensor.ordered_multi_queue_test
[ 76%] Built target cartographer.mapping_3d.local_trajectory_builder_test
[01mbuilding [mo]: [39;49;00mtargets for 0 po files that are out of date
[01mbuilding [html][39;49;00m: targets for 0 source files that are out of date
[01mupdating environment: [39;49;00m0 added, 0 changed, 0 removed
[01mlooking for now-outdated files... [39;49;00mnone found
[01mno targets are out of date.[39;49;00m
[01mbuild succeeded.[39;49;00m
[ 77%] Built target cartographer.mapping_2d.scan_matching.ceres_scan_matcher_test
[ 77%] Built target cartographer.mapping_3d.scan_matching.real_time_correlative_scan_matcher_test
[ 78%] Built target cartographer.mapping_3d.scan_matching.precomputation_grid_test
[ 78%] Built target cartographer.mapping_2d.xy_index_test
[ 78%] Built target build_doc
[ 79%] Built target cartographer.mapping.trajectory_node_test
[ 80%] Built target cartographer.mapping_3d.scan_matching.fast_correlative_scan_matcher_test
[ 80%] Built target cartographer.sensor.voxel_filter_test
[ 81%] Built target cartographer.mapping_3d.hybrid_grid_test
[ 82%] Built target cartographer.mapping_3d.scan_matching.interpolated_grid_test
[ 82%] Built target cartographer.io.proto_stream_test
[ 83%] Built target cartographer.sensor.collator_test
[ 84%] Built target cartographer.io.points_processor_pipeline_builder_test
[ 85%] Built target cartographer.mapping.id_test
[ 86%] Built target cartographer.transform.rigid_transform_test
[ 87%] Built target cartographer_compute_relations_metrics
[ 88%] Built target cartographer.common.rate_timer_test
[ 89%] Built target cartographer.common.configuration_files_test
[ 89%] Built target cartographer.mapping_2d.scan_matching.fast_correlative_scan_matcher_test
[ 90%] Built target cartographer.common.fixed_ratio_sampler_test
[ 91%] Built target cartographer.mapping_3d.sparse_pose_graph.optimization_problem_test
[ 91%] Built target cartographer.common.lua_parameter_dictionary_test
[ 92%] Built target cartographer.mapping.connected_components_test
[ 93%] Built target cartographer.sensor.point_cloud_test
[ 94%] Built target cartographer.mapping_2d.scan_matching.correlative_scan_matcher_test
[ 95%] Built target cartographer.sensor.range_data_test
[ 96%] Built target cartographer.mapping_2d.scan_matching.real_time_correlative_scan_matcher_test
[ 96%] Built target cartographer.sensor.compressed_point_cloud_test
[ 97%] Built target cartographer.transform.transform_interpolation_buffer_test
[ 98%] Built target cartographer.transform.transform_test
[ 99%] Built target gtest_main
[ 99%] Built target cartographer_autogenerate_ground_truth
[100%] Built target cartographer.mapping_2d.range_data_inserter_test
