Not searching for unused variables given on the command line.
[36m--[0m The C compiler identification is GNU 5.4.0
[36m--[0m The CXX compiler identification is GNU 5.4.0
[36m--[0m Check for working C compiler: /usr/bin/cc
[36m--[0m Check for working C compiler: /usr/bin/cc -- works
[36m--[0m Detecting C compiler ABI info
[36m--[0m Detecting C compiler ABI info - done
[36m--[0m Detecting C compile features
[36m--[0m Detecting C compile features - done
[36m--[0m Check for working CXX compiler: /usr/bin/c++
[36m--[0m Check for working CXX compiler: /usr/bin/c++ -- works
[36m--[0m Detecting CXX compiler ABI info
[36m--[0m Detecting CXX compiler ABI info - done
[36m--[0m Detecting CXX compile features
[36m--[0m Detecting CXX compile features - done
[36m--[0m Found installed version of Eigen: /usr/lib/cmake/eigen3
[36m--[0m Found required Ceres dependency: Eigen version 3.2.92 in /usr/include/eigen3
[36m--[0m Found required Ceres dependency: glog
[36m--[0m Performing Test GFLAGS_IN_GOOGLE_NAMESPACE
[36m--[0m Performing Test GFLAGS_IN_GOOGLE_NAMESPACE - Success
[36m--[0m Found required Ceres dependency: gflags
[36m--[0m Found Ceres version: 1.13.0 installed in: /home/thib/baxter-ridgeback-kinetic_ws/devel with components: [LAPACK, SuiteSparse, SparseLinearAlgebraLibrary, CXSparse, SchurSpecializations, OpenMP]
[36m--[0m Build type: Release
Files /home/thib/baxter-ridgeback-kinetic_ws/build/cartographer_ros/AllFiles.cmake and - differ
[36m--[0m Found PythonInterp: /usr/bin/python (found version "2.7.12")
[36m--[0m Found Threads: TRUE
[36m--[0m Found GMock: gmock_main;-lpthread
[36m--[0m Using CATKIN_DEVEL_PREFIX: /home/thib/baxter-ridgeback-kinetic_ws/devel/.private/cartographer_ros
[36m--[0m Using CMAKE_PREFIX_PATH: /home/thib/baxter-ridgeback-kinetic_ws/devel;/home/thib/realsense_ws/devel;/home/thib/ridgeback_depends_ws/devel;/opt/ros/kinetic
[36m--[0m This workspace overlays: /home/thib/baxter-ridgeback-kinetic_ws/devel;/home/thib/realsense_ws/devel;/home/thib/ridgeback_depends_ws/devel;/opt/ros/kinetic
[36m--[0m Using PYTHON_EXECUTABLE: /usr/bin/python
[36m--[0m Using Debian Python package layout
[36m--[0m Using empy: /usr/bin/empy
[36m--[0m Using CATKIN_ENABLE_TESTING: ON
[36m--[0m Call enable_testing()
[36m--[0m Using CATKIN_TEST_RESULTS_DIR: /home/thib/baxter-ridgeback-kinetic_ws/build/cartographer_ros/test_results
[36m--[0m Found gmock: gmock and gtests will be built
[36m--[0m Using Python nosetests: /usr/bin/nosetests-2.7
[36m--[0m catkin 0.7.14
[36m--[0m Using these message generators: gencpp;geneus;genlisp;gennodejs;genpy
[36m--[0m Found PkgConfig: /usr/bin/pkg-config (found version "0.29.1")
[36m--[0m Found Lua: /usr/lib/x86_64-linux-gnu/liblua5.2.so;/usr/lib/x86_64-linux-gnu/libm.so (found version "5.2.4")
[36m--[0m Checking for module 'eigen3'
[36m--[0m   Found eigen3, version 3.2.92
[36m--[0m Found eigen: /usr/include/eigen3
[36m--[0m Boost version: 1.58.0
[36m--[0m Found the following Boost libraries:
[36m--[0m   system
[36m--[0m   filesystem
[36m--[0m   thread
[36m--[0m   date_time
[36m--[0m   iostreams
[36m--[0m   serialization
[36m--[0m   chrono
[36m--[0m   atomic
[36m--[0m   regex
[36m--[0m Checking for module 'libopenni'
[36m--[0m   Found libopenni, version 1.5.4.0
[36m--[0m Found openni: /usr/lib/libOpenNI.so
[36m--[0m Checking for module 'libopenni2'
[36m--[0m   No package 'libopenni2' found
[36m--[0m Could NOT find OpenNI2 (missing:  OPENNI2_LIBRARY OPENNI2_INCLUDE_DIRS)
** WARNING ** io features related to openni2 will be disabled
** WARNING ** io features related to pcap will be disabled
** WARNING ** io features related to png will be disabled
[36m--[0m The imported target "vtkRenderingPythonTkWidgets" references the file
   "/usr/lib/x86_64-linux-gnu/libvtkRenderingPythonTkWidgets.so"
but this file does not exist.  Possible reasons include:
* The file was deleted, renamed, or moved to another location.
* An install or uninstall procedure did not complete successfully.
* The installation package was faulty and contained
   "/usr/lib/cmake/vtk-6.2/VTKTargets.cmake"
but not all the files it references.

[36m--[0m The imported target "vtk" references the file
   "/usr/bin/vtk"
but this file does not exist.  Possible reasons include:
* The file was deleted, renamed, or moved to another location.
* An install or uninstall procedure did not complete successfully.
* The installation package was faulty and contained
   "/usr/lib/cmake/vtk-6.2/VTKTargets.cmake"
but not all the files it references.

[36m--[0m Found libusb-1.0: /usr/include
[36m--[0m looking for PCL_COMMON
[36m--[0m Found PCL_COMMON: /usr/lib/x86_64-linux-gnu/libpcl_common.so
[36m--[0m looking for PCL_OCTREE
[36m--[0m Found PCL_OCTREE: /usr/lib/x86_64-linux-gnu/libpcl_octree.so
[36m--[0m looking for PCL_IO
[36m--[0m Found PCL_IO: /usr/lib/x86_64-linux-gnu/libpcl_io.so
[36m--[0m Found PCL: /usr/lib/x86_64-linux-gnu/libboost_system.so;/usr/lib/x86_64-linux-gnu/libboost_filesystem.so;/usr/lib/x86_64-linux-gnu/libboost_thread.so;/usr/lib/x86_64-linux-gnu/libboost_date_time.so;/usr/lib/x86_64-linux-gnu/libboost_iostreams.so;/usr/lib/x86_64-linux-gnu/libboost_serialization.so;/usr/lib/x86_64-linux-gnu/libboost_chrono.so;/usr/lib/x86_64-linux-gnu/libboost_atomic.so;/usr/lib/x86_64-linux-gnu/libboost_regex.so;/usr/lib/x86_64-linux-gnu/libpthread.so;optimized;/usr/lib/x86_64-linux-gnu/libpcl_common.so;debug;/usr/lib/x86_64-linux-gnu/libpcl_common.so;optimized;/usr/lib/x86_64-linux-gnu/libpcl_octree.so;debug;/usr/lib/x86_64-linux-gnu/libpcl_octree.so;/usr/lib/libOpenNI.so;vtkImagingStencil;vtkCommonComputationalGeometry;vtkCommonDataModel;vtkCommonMath;vtkCommonCore;vtksys;vtkCommonMisc;vtkCommonSystem;vtkCommonTransforms;vtkImagingCore;vtkCommonExecutionModel;vtkFiltersAMR;vtkFiltersGeneral;vtkFiltersCore;vtkParallelCore;vtkIOLegacy;vtkIOCore;/usr/lib/x86_64-linux-gnu/libz.so;vtkInteractionWidgets;vtkFiltersHybrid;vtkImagingSources;vtkRenderingCore;vtkCommonColor;vtkFiltersExtraction;vtkFiltersStatistics;vtkImagingFourier;vtkalglib;vtkFiltersGeometry;vtkFiltersSources;vtkFiltersModeling;vtkImagingGeneral;vtkImagingHybrid;vtkIOImage;vtkDICOMParser;vtkmetaio;/usr/lib/x86_64-linux-gnu/libjpeg.so;/usr/lib/x86_64-linux-gnu/libpng.so;/usr/lib/x86_64-linux-gnu/libtiff.so;vtkInteractionStyle;vtkRenderingAnnotation;vtkImagingColor;vtkRenderingFreeType;/usr/lib/x86_64-linux-gnu/libfreetype.so;vtkftgl;vtkRenderingVolume;vtkIOParallelNetCDF;vtkParallelMPI;/usr/lib/x86_64-linux-gnu/libnetcdf_c++.so;/usr/lib/x86_64-linux-gnu/libnetcdf.so;/usr/lib/x86_64-linux-gnu/hdf5/serial/lib/libhdf5.so;/usr/lib/x86_64-linux-gnu/libsz.so;/usr/lib/x86_64-linux-gnu/libdl.so;/usr/lib/x86_64-linux-gnu/libm.so;/usr/lib/x86_64-linux-gnu/hdf5/serial/lib/libhdf5_hl.so;vtkRenderingOpenGL;vtkIOLSDyna;vtkIOXML;vtkIOGeometry;/usr/lib/x86_64-linux-gnu/libjsoncpp.so;vtkIOXMLParser;/usr/lib/x86_64-linux-gnu/libexpat.so;vtkLocalExample;vtkInfovisCore;vtkGeovisCore;vtkInfovisLayout;vtkViewsCore;vtkproj4;/usr/lib/x86_64-linux-gnu/libpython2.7.so;vtkTestingGenericBridge;/usr/lib/libgl2ps.so;verdict;vtkIOMovie;/usr/lib/x86_64-linux-gnu/libtheoraenc.so;/usr/lib/x86_64-linux-gnu/libtheoradec.so;/usr/lib/x86_64-linux-gnu/libogg.so;vtkFiltersImaging;vtkIOMINC;vtkRenderingLOD;vtkViewsQt;vtkGUISupportQt;vtkViewsInfovis;vtkChartsCore;vtkRenderingContext2D;vtkRenderingLabel;vtkRenderingImage;vtkFiltersFlowPaths;vtkxdmf2;/usr/lib/x86_64-linux-gnu/libxml2.so;vtkFiltersReebGraph;vtkViewsContext2D;vtkIOXdmf2;vtkIOAMR;vtkRenderingContextOpenGL;vtkImagingStatistics;vtkIOParallel;vtkFiltersParallel;vtkIONetCDF;vtkexoIIc;vtkGUISupportQtOpenGL;vtkIOParallelLSDyna;vtkFiltersParallelGeometry;vtkGUISupportQtWebkit;vtkIOPLY;vtkWrappingTools;vtkFiltersHyperTree;vtkRenderingVolumeOpenGL;vtkIOExodus;vtkIOPostgreSQL;vtkIOSQL;sqlite3;vtkWrappingJava;vtkFiltersParallelFlowPaths;vtkFiltersParallelStatistics;vtkFiltersProgrammable;vtkFiltersParallelImaging;vtkRenderingParallelLIC;vtkRenderingLIC;vtkInteractionImage;vtkFiltersPython;vtkWrappingPythonCore;vtkIOParallelExodus;vtkFiltersGeneric;vtkIOVideo;vtkRenderingQt;vtkFiltersTexture;vtkIOInfovis;vtkGUISupportQtSQL;vtkRenderingFreeTypeOpenGL;vtkInfovisBoostGraphAlgorithms;vtkRenderingGL2PS;vtkIOGeoJSON;vtkFiltersVerdict;vtkViewsGeovis;vtkIOImport;vtkTestingIOSQL;vtkPythonInterpreter;vtkIOODBC;vtkIOEnSight;vtkIOMySQL;vtkRenderingMatplotlib;vtkDomainsChemistry;vtkIOExport;vtkFiltersParallelMPI;vtkIOParallelXML;vtkTestingRendering;vtkIOMPIParallel;vtkParallelMPI4Py;vtkFiltersSMP;vtkFiltersSelection;vtkIOVPIC;VPIC;vtkImagingMath;vtkImagingMorphological;vtkRenderingParallel;vtkRenderingFreeTypeFontConfig;vtkIOFFMPEG;vtkIOMPIImage;vtkIOGDAL;optimized;/usr/lib/x86_64-linux-gnu/libpcl_io.so;debug;/usr/lib/x86_64-linux-gnu/libpcl_io.so;/usr/lib/x86_64-linux-gnu/libboost_system.so;/usr/lib/x86_64-linux-gnu/libboost_filesystem.so;/usr/lib/x86_64-linux-gnu/libboost_thread.so;/usr/lib/x86_64-linux-gnu/libboost_date_time.so;/usr/lib/x86_64-linux-gnu/libboost_iostreams.so;/usr/lib/x86_64-linux-gnu/libboost_serialization.so;/usr/lib/x86_64-linux-gnu/libboost_chrono.so;/usr/lib/x86_64-linux-gnu/libboost_atomic.so;/usr/lib/x86_64-linux-gnu/libboost_regex.so;/usr/lib/x86_64-linux-gnu/libpthread.so;/usr/lib/libOpenNI.so;vtkImagingStencil;vtkCommonComputationalGeometry;vtkCommonDataModel;vtkCommonMath;vtkCommonCore;vtksys;vtkCommonMisc;vtkCommonSystem;vtkCommonTransforms;vtkImagingCore;vtkCommonExecutionModel;vtkFiltersAMR;vtkFiltersGeneral;vtkFiltersCore;vtkParallelCore;vtkIOLegacy;vtkIOCore;/usr/lib/x86_64-linux-gnu/libz.so;vtkInteractionWidgets;vtkFiltersHybrid;vtkImagingSources;vtkRenderingCore;vtkCommonColor;vtkFiltersExtraction;vtkFiltersStatistics;vtkImagingFourier;vtkalglib;vtkFiltersGeometry;vtkFiltersSources;vtkFiltersModeling;vtkImagingGeneral;vtkImagingHybrid;vtkIOImage;vtkDICOMParser;vtkmetaio;/usr/lib/x86_64-linux-gnu/libjpeg.so;/usr/lib/x86_64-linux-gnu/libpng.so;/usr/lib/x86_64-linux-gnu/libtiff.so;vtkInteractionStyle;vtkRenderingAnnotation;vtkImagingColor;vtkRenderingFreeType;/usr/lib/x86_64-linux-gnu/libfreetype.so;vtkftgl;vtkRenderingVolume;vtkIOParallelNetCDF;vtkParallelMPI;/usr/lib/x86_64-linux-gnu/libnetcdf_c++.so;/usr/lib/x86_64-linux-gnu/libnetcdf.so;/usr/lib/x86_64-linux-gnu/hdf5/serial/lib/libhdf5.so;/usr/lib/x86_64-linux-gnu/libpthread.so;/usr/lib/x86_64-linux-gnu/libsz.so;/usr/lib/x86_64-linux-gnu/libdl.so;/usr/lib/x86_64-linux-gnu/libm.so;/usr/lib/x86_64-linux-gnu/hdf5/serial/lib/libhdf5_hl.so;vtkRenderingOpenGL;vtkIOLSDyna;vtkIOXML;vtkIOGeometry;/usr/lib/x86_64-linux-gnu/libjsoncpp.so;vtkIOXMLParser;/usr/lib/x86_64-linux-gnu/libexpat.so;vtkLocalExample;vtkInfovisCore;vtkGeovisCore;vtkInfovisLayout;vtkViewsCore;vtkproj4;/usr/lib/x86_64-linux-gnu/libpython2.7.so;vtkTestingGenericBridge;/usr/lib/libgl2ps.so;verdict;vtkIOMovie;/usr/lib/x86_64-linux-gnu/libtheoraenc.so;/usr/lib/x86_64-linux-gnu/libtheoradec.so;/usr/lib/x86_64-linux-gnu/libogg.so;vtkFiltersImaging;vtkIOMINC;vtkRenderingLOD;vtkViewsQt;vtkGUISupportQt;vtkViewsInfovis;vtkChartsCore;vtkRenderingContext2D;vtkRenderingLabel;vtkRenderingImage;vtkFiltersFlowPaths;vtkxdmf2;/usr/lib/x86_64-linux-gnu/libxml2.so;vtkFiltersReebGraph;vtkViewsContext2D;vtkIOXdmf2;vtkIOAMR;vtkRenderingContextOpenGL;vtkImagingStatistics;vtkIOParallel;vtkFiltersParallel;vtkIONetCDF;vtkexoIIc;vtkGUISupportQtOpenGL;vtkIOParallelLSDyna;vtkFiltersParallelGeometry;vtkGUISupportQtWebkit;vtkIOPLY;vtkWrappingTools;vtkFiltersHyperTree;vtkRenderingVolumeOpenGL;vtkIOExodus;vtkIOPostgreSQL;vtkIOSQL;sqlite3;vtkWrappingJava;vtkFiltersParallelFlowPaths;vtkFiltersParallelStatistics;vtkFiltersProgrammable;vtkFiltersParallelImaging;vtkRenderingParallelLIC;vtkRenderingLIC;vtkInteractionImage;vtkFiltersPython;vtkWrappingPythonCore;vtkIOParallelExodus;vtkFiltersGeneric;vtkIOVideo;vtkRenderingQt;vtkFiltersTexture;vtkIOInfovis;vtkGUISupportQtSQL;vtkRenderingFreeTypeOpenGL;vtkInfovisBoostGraphAlgorithms;vtkRenderingGL2PS;vtkIOGeoJSON;vtkFiltersVerdict;vtkViewsGeovis;vtkIOImport;vtkTestingIOSQL;vtkPythonInterpreter;vtkIOODBC;vtkIOEnSight;vtkIOMySQL;vtkRenderingMatplotlib;vtkDomainsChemistry;vtkIOExport;vtkFiltersParallelMPI;vtkIOParallelXML;vtkTestingRendering;vtkIOMPIParallel;vtkParallelMPI4Py;vtkFiltersSMP;vtkFiltersSelection;vtkIOVPIC;VPIC;vtkImagingMath;vtkImagingMorphological;vtkRenderingParallel;vtkRenderingFreeTypeFontConfig;vtkIOFFMPEG;vtkIOMPIImage;vtkIOGDAL
[36m--[0m Boost version: 1.58.0
[36m--[0m Found the following Boost libraries:
[36m--[0m   system
[36m--[0m   iostreams
[36m--[0m   regex
[36m--[0m Configuring done
[36m--[0m Generating done
[36m--[0m Build files have been written to: /home/thib/baxter-ridgeback-kinetic_ws/build/cartographer_ros
