Determining if the pthread_create exist failed with the following output:
Change Dir: /home/thib/baxter-ridgeback-kinetic_ws/build/ridgeback_gazebo_plugins/CMakeFiles/CMakeTmp

Run Build Command:"/usr/bin/make" "cmTC_deb37/fast"
/usr/bin/make -f CMakeFiles/cmTC_deb37.dir/build.make CMakeFiles/cmTC_deb37.dir/build
make[1]: Entering directory '/home/thib/baxter-ridgeback-kinetic_ws/build/ridgeback_gazebo_plugins/CMakeFiles/CMakeTmp'
Building C object CMakeFiles/cmTC_deb37.dir/CheckSymbolExists.c.o
/usr/bin/cc     -o CMakeFiles/cmTC_deb37.dir/CheckSymbolExists.c.o   -c /home/thib/baxter-ridgeback-kinetic_ws/build/ridgeback_gazebo_plugins/CMakeFiles/CMakeTmp/CheckSymbolExists.c
Linking C executable cmTC_deb37
/usr/bin/cmake -E cmake_link_script CMakeFiles/cmTC_deb37.dir/link.txt --verbose=1
/usr/bin/cc       CMakeFiles/cmTC_deb37.dir/CheckSymbolExists.c.o  -o cmTC_deb37 -rdynamic 
CMakeFiles/cmTC_deb37.dir/CheckSymbolExists.c.o: In function `main':
CheckSymbolExists.c:(.text+0x16): undefined reference to `pthread_create'
collect2: error: ld returned 1 exit status
CMakeFiles/cmTC_deb37.dir/build.make:97: recipe for target 'cmTC_deb37' failed
make[1]: *** [cmTC_deb37] Error 1
make[1]: Leaving directory '/home/thib/baxter-ridgeback-kinetic_ws/build/ridgeback_gazebo_plugins/CMakeFiles/CMakeTmp'
Makefile:126: recipe for target 'cmTC_deb37/fast' failed
make: *** [cmTC_deb37/fast] Error 2

File /home/thib/baxter-ridgeback-kinetic_ws/build/ridgeback_gazebo_plugins/CMakeFiles/CMakeTmp/CheckSymbolExists.c:
/* */
#include <pthread.h>

int main(int argc, char** argv)
{
  (void)argv;
#ifndef pthread_create
  return ((int*)(&pthread_create))[argc];
#else
  (void)argc;
  return 0;
#endif
}

Determining if the function pthread_create exists in the pthreads failed with the following output:
Change Dir: /home/thib/baxter-ridgeback-kinetic_ws/build/ridgeback_gazebo_plugins/CMakeFiles/CMakeTmp

Run Build Command:"/usr/bin/make" "cmTC_e7082/fast"
/usr/bin/make -f CMakeFiles/cmTC_e7082.dir/build.make CMakeFiles/cmTC_e7082.dir/build
make[1]: Entering directory '/home/thib/baxter-ridgeback-kinetic_ws/build/ridgeback_gazebo_plugins/CMakeFiles/CMakeTmp'
Building C object CMakeFiles/cmTC_e7082.dir/CheckFunctionExists.c.o
/usr/bin/cc    -DCHECK_FUNCTION_EXISTS=pthread_create   -o CMakeFiles/cmTC_e7082.dir/CheckFunctionExists.c.o   -c /usr/share/cmake-3.5/Modules/CheckFunctionExists.c
Linking C executable cmTC_e7082
/usr/bin/cmake -E cmake_link_script CMakeFiles/cmTC_e7082.dir/link.txt --verbose=1
/usr/bin/cc   -DCHECK_FUNCTION_EXISTS=pthread_create    CMakeFiles/cmTC_e7082.dir/CheckFunctionExists.c.o  -o cmTC_e7082 -rdynamic -lpthreads 
/usr/bin/ld: cannot find -lpthreads
collect2: error: ld returned 1 exit status
CMakeFiles/cmTC_e7082.dir/build.make:97: recipe for target 'cmTC_e7082' failed
make[1]: *** [cmTC_e7082] Error 1
make[1]: Leaving directory '/home/thib/baxter-ridgeback-kinetic_ws/build/ridgeback_gazebo_plugins/CMakeFiles/CMakeTmp'
Makefile:126: recipe for target 'cmTC_e7082/fast' failed
make: *** [cmTC_e7082/fast] Error 2


