[35m[1mScanning dependencies of target roscpp_generate_messages_eus[0m
[35m[1mScanning dependencies of target cartographer_ros_detect_changes[0m
[35m[1mScanning dependencies of target pcl_msgs_generate_messages_nodejs[0m
[35m[1mScanning dependencies of target sensor_msgs_generate_messages_cpp[0m
[35m[1mScanning dependencies of target actionlib_generate_messages_nodejs[0m
[35m[1mScanning dependencies of target pcl_msgs_generate_messages_eus[0m
[35m[1mScanning dependencies of target actionlib_msgs_generate_messages_cpp[0m
[35m[1mScanning dependencies of target std_msgs_generate_messages_lisp[0m
[  0%] Built target roscpp_generate_messages_eus
[  0%] Built target pcl_msgs_generate_messages_eus
[  0%] Built target sensor_msgs_generate_messages_cpp
[  0%] Built target std_msgs_generate_messages_lisp
[  0%] Built target actionlib_msgs_generate_messages_cpp
[  0%] Built target pcl_msgs_generate_messages_nodejs
[  0%] Built target actionlib_generate_messages_nodejs
[35m[1mScanning dependencies of target rosgraph_msgs_generate_messages_cpp[0m
[  0%] Built target cartographer_ros_detect_changes
[35m[1mScanning dependencies of target actionlib_msgs_generate_messages_nodejs[0m
[35m[1mScanning dependencies of target actionlib_msgs_generate_messages_lisp[0m
[35m[1mScanning dependencies of target tf2_msgs_generate_messages_py[0m
[35m[1mScanning dependencies of target topic_tools_generate_messages_py[0m
[35m[1mScanning dependencies of target nav_msgs_generate_messages_py[0m
[35m[1mScanning dependencies of target nav_msgs_generate_messages_nodejs[0m
[35m[1mScanning dependencies of target nav_msgs_generate_messages_lisp[0m
[  0%] Built target rosgraph_msgs_generate_messages_cpp
[  0%] Built target actionlib_msgs_generate_messages_nodejs
[  0%] Built target tf2_msgs_generate_messages_py
[  0%] Built target actionlib_msgs_generate_messages_lisp
[  0%] Built target nav_msgs_generate_messages_py
[  0%] Built target nav_msgs_generate_messages_lisp
[  0%] Built target nav_msgs_generate_messages_nodejs
[  0%] Built target topic_tools_generate_messages_py
[35m[1mScanning dependencies of target std_msgs_generate_messages_nodejs[0m
[35m[1mScanning dependencies of target cartographer_ros_msgs_generate_messages_eus[0m
[35m[1mScanning dependencies of target cartographer_ros_msgs_generate_messages_py[0m
[35m[1mScanning dependencies of target roscpp_generate_messages_py[0m
[35m[1mScanning dependencies of target topic_tools_generate_messages_cpp[0m
[35m[1mScanning dependencies of target topic_tools_generate_messages_eus[0m
[35m[1mScanning dependencies of target sensor_msgs_generate_messages_eus[0m
[35m[1mScanning dependencies of target actionlib_msgs_generate_messages_eus[0m
[  0%] Built target std_msgs_generate_messages_nodejs
[  0%] Built target cartographer_ros_msgs_generate_messages_eus
[  0%] Built target roscpp_generate_messages_py
[  0%] Built target cartographer_ros_msgs_generate_messages_py
[  0%] Built target topic_tools_generate_messages_eus
[  0%] Built target sensor_msgs_generate_messages_eus
[  0%] Built target topic_tools_generate_messages_cpp
[35m[1mScanning dependencies of target actionlib_generate_messages_lisp[0m
[  0%] Built target actionlib_msgs_generate_messages_eus
[35m[1mScanning dependencies of target geometry_msgs_generate_messages_py[0m
[35m[1mScanning dependencies of target std_srvs_generate_messages_eus[0m
[35m[1mScanning dependencies of target geometry_msgs_generate_messages_lisp[0m
[35m[1mScanning dependencies of target std_srvs_generate_messages_lisp[0m
[35m[1mScanning dependencies of target visualization_msgs_generate_messages_lisp[0m
[35m[1mScanning dependencies of target cartographer_ros_msgs_generate_messages_cpp[0m
[  0%] Built target actionlib_generate_messages_lisp
[35m[1mScanning dependencies of target cartographer_ros_msgs_generate_messages_lisp[0m
[  0%] Built target geometry_msgs_generate_messages_py
[  0%] Built target std_srvs_generate_messages_eus
[  0%] Built target geometry_msgs_generate_messages_lisp
[  0%] Built target std_srvs_generate_messages_lisp
[  0%] Built target visualization_msgs_generate_messages_lisp
[  0%] Built target cartographer_ros_msgs_generate_messages_cpp
[35m[1mScanning dependencies of target sensor_msgs_generate_messages_py[0m
[35m[1mScanning dependencies of target sensor_msgs_generate_messages_nodejs[0m
[  0%] Built target cartographer_ros_msgs_generate_messages_lisp
[35m[1mScanning dependencies of target std_msgs_generate_messages_cpp[0m
[35m[1mScanning dependencies of target roscpp_generate_messages_nodejs[0m
[35m[1mScanning dependencies of target geometry_msgs_generate_messages_cpp[0m
[35m[1mScanning dependencies of target roscpp_generate_messages_cpp[0m
[35m[1mScanning dependencies of target pcl_msgs_generate_messages_lisp[0m
[  0%] Built target sensor_msgs_generate_messages_py
[  0%] Built target sensor_msgs_generate_messages_nodejs
[35m[1mScanning dependencies of target actionlib_msgs_generate_messages_py[0m
[  0%] Built target roscpp_generate_messages_nodejs
[  0%] Built target geometry_msgs_generate_messages_cpp
[  0%] Built target roscpp_generate_messages_cpp
[35m[1mScanning dependencies of target geometry_msgs_generate_messages_nodejs[0m
[  0%] Built target pcl_msgs_generate_messages_lisp
[35m[1mScanning dependencies of target geometry_msgs_generate_messages_eus[0m
[  0%] Built target actionlib_msgs_generate_messages_py
[  0%] Built target std_msgs_generate_messages_cpp
[35m[1mScanning dependencies of target roscpp_generate_messages_lisp[0m
[35m[1mScanning dependencies of target std_srvs_generate_messages_py[0m
[35m[1mScanning dependencies of target visualization_msgs_generate_messages_cpp[0m
[  0%] Built target geometry_msgs_generate_messages_nodejs
[  0%] Built target geometry_msgs_generate_messages_eus
[35m[1mScanning dependencies of target std_msgs_generate_messages_py[0m
[35m[1mScanning dependencies of target rosgraph_msgs_generate_messages_lisp[0m
[35m[1mScanning dependencies of target rosgraph_msgs_generate_messages_eus[0m
[  0%] Built target roscpp_generate_messages_lisp
[  0%] Built target std_srvs_generate_messages_py
[35m[1mScanning dependencies of target rosgraph_msgs_generate_messages_nodejs[0m
[  0%] Built target visualization_msgs_generate_messages_cpp
[35m[1mScanning dependencies of target std_srvs_generate_messages_nodejs[0m
[  0%] Built target rosgraph_msgs_generate_messages_eus
[  0%] Built target std_msgs_generate_messages_py
[  0%] Built target rosgraph_msgs_generate_messages_lisp
[35m[1mScanning dependencies of target cartographer_ros_msgs_generate_messages_nodejs[0m
[35m[1mScanning dependencies of target actionlib_generate_messages_cpp[0m
[  0%] Built target std_srvs_generate_messages_nodejs
[35m[1mScanning dependencies of target rosgraph_msgs_generate_messages_py[0m
[  0%] Built target rosgraph_msgs_generate_messages_nodejs
[35m[1mScanning dependencies of target std_srvs_generate_messages_cpp[0m
[35m[1mScanning dependencies of target topic_tools_generate_messages_lisp[0m
[35m[1mScanning dependencies of target pcl_msgs_generate_messages_cpp[0m
[  0%] Built target cartographer_ros_msgs_generate_messages_nodejs
[  0%] Built target actionlib_generate_messages_cpp
[  0%] Built target rosgraph_msgs_generate_messages_py
[35m[1mScanning dependencies of target topic_tools_generate_messages_nodejs[0m
[35m[1mScanning dependencies of target sensor_msgs_generate_messages_lisp[0m
[  0%] Built target std_srvs_generate_messages_cpp
[  0%] Built target topic_tools_generate_messages_lisp
[  0%] Built target pcl_msgs_generate_messages_cpp
[35m[1mScanning dependencies of target tf2_msgs_generate_messages_cpp[0m
[35m[1mScanning dependencies of target nav_msgs_generate_messages_eus[0m
[35m[1mScanning dependencies of target tf2_msgs_generate_messages_eus[0m
[  0%] Built target topic_tools_generate_messages_nodejs
[  0%] Built target sensor_msgs_generate_messages_lisp
[35m[1mScanning dependencies of target tf2_msgs_generate_messages_lisp[0m
[35m[1mScanning dependencies of target nav_msgs_generate_messages_cpp[0m
[35m[1mScanning dependencies of target tf2_msgs_generate_messages_nodejs[0m
[  0%] Built target tf2_msgs_generate_messages_cpp
[  0%] Built target tf2_msgs_generate_messages_eus
[35m[1mScanning dependencies of target actionlib_generate_messages_eus[0m
[35m[1mScanning dependencies of target std_msgs_generate_messages_eus[0m
[  0%] Built target nav_msgs_generate_messages_cpp
[  0%] Built target nav_msgs_generate_messages_eus
[  0%] Built target tf2_msgs_generate_messages_lisp
[35m[1mScanning dependencies of target pcl_msgs_generate_messages_py[0m
[  0%] Built target tf2_msgs_generate_messages_nodejs
[35m[1mScanning dependencies of target actionlib_generate_messages_py[0m
[  0%] Built target std_msgs_generate_messages_eus
[35m[1mScanning dependencies of target visualization_msgs_generate_messages_nodejs[0m
[35m[1mScanning dependencies of target visualization_msgs_generate_messages_eus[0m
[  0%] Built target actionlib_generate_messages_eus
[  0%] Built target pcl_msgs_generate_messages_py
[35m[1mScanning dependencies of target visualization_msgs_generate_messages_py[0m
[  0%] Built target actionlib_generate_messages_py
[35m[1mScanning dependencies of target gmock[0m
[  0%] Built target visualization_msgs_generate_messages_eus
[35m[1mScanning dependencies of target gmock_main[0m
[  0%] Built target visualization_msgs_generate_messages_nodejs
[35m[1mScanning dependencies of target gtest[0m
[  0%] Built target visualization_msgs_generate_messages_py
[  2%] [32mBuilding CXX object gmock/CMakeFiles/gmock_main.dir/usr/src/gtest/src/gtest-all.cc.o[0m
[  5%] [32mBuilding CXX object gmock/CMakeFiles/gmock_main.dir/src/gmock-all.cc.o[0m
[  7%] [32mBuilding CXX object gmock/CMakeFiles/gmock.dir/src/gmock-all.cc.o[0m
[ 10%] [32mBuilding CXX object gmock/CMakeFiles/gmock.dir/usr/src/gtest/src/gtest-all.cc.o[0m
[ 12%] [32mBuilding CXX object gmock/CMakeFiles/gmock_main.dir/src/gmock_main.cc.o[0m
[ 15%] [32mBuilding CXX object gmock/gtest/CMakeFiles/gtest.dir/src/gtest-all.cc.o[0m
[35m[1mScanning dependencies of target cartographer_ros[0m
[ 17%] [32mBuilding CXX object CMakeFiles/cartographer_ros.dir/cartographer_ros/node_constants.cc.o[0m
[ 20%] [32mBuilding CXX object CMakeFiles/cartographer_ros.dir/cartographer_ros/submap.cc.o[0m
[ 23%] [32mBuilding CXX object CMakeFiles/cartographer_ros.dir/cartographer_ros/node_options.cc.o[0m
[ 25%] [32mBuilding CXX object CMakeFiles/cartographer_ros.dir/cartographer_ros/ros_map_writing_points_processor.cc.o[0m
[ 28%] [32mBuilding CXX object CMakeFiles/cartographer_ros.dir/cartographer_ros/sensor_bridge.cc.o[0m
[ 30%] [32mBuilding CXX object CMakeFiles/cartographer_ros.dir/cartographer_ros/node.cc.o[0m
[ 33%] [32mBuilding CXX object CMakeFiles/cartographer_ros.dir/cartographer_ros/msg_conversion.cc.o[0m
[ 35%] [32m[1mLinking CXX static library libgmock.a[0m
[ 35%] Built target gmock
[ 38%] [32mBuilding CXX object CMakeFiles/cartographer_ros.dir/cartographer_ros/map_builder_bridge.cc.o[0m
[ 41%] [32m[1mLinking CXX static library libgtest.a[0m
[ 43%] [32m[1mLinking CXX static library libgmock_main.a[0m
[ 43%] Built target gtest
[ 43%] Built target gmock_main
[35m[1mScanning dependencies of target gtest_main[0m
[ 46%] [32mBuilding CXX object CMakeFiles/cartographer_ros.dir/cartographer_ros/trajectory_options.cc.o[0m
[ 48%] [32mBuilding CXX object gmock/gtest/CMakeFiles/gtest_main.dir/src/gtest_main.cc.o[0m
[ 51%] [32mBuilding CXX object CMakeFiles/cartographer_ros.dir/cartographer_ros/split_string.cc.o[0m
[ 53%] [32m[1mLinking CXX static library libgtest_main.a[0m
[ 53%] Built target gtest_main
[ 56%] [32mBuilding CXX object CMakeFiles/cartographer_ros.dir/cartographer_ros/urdf_reader.cc.o[0m
[ 58%] [32mBuilding CXX object CMakeFiles/cartographer_ros.dir/cartographer_ros/ros_log_sink.cc.o[0m
[ 61%] [32mBuilding CXX object CMakeFiles/cartographer_ros.dir/cartographer_ros/tf_bridge.cc.o[0m
[ 64%] [32mBuilding CXX object CMakeFiles/cartographer_ros.dir/cartographer_ros/time_conversion.cc.o[0m
[ 66%] [32m[1mLinking CXX static library /home/thib/ridgeback-cartographer_ws/devel/.private/cartographer_ros/lib/libcartographer_ros.a[0m
[ 66%] Built target cartographer_ros
[35m[1mScanning dependencies of target cartographer_offline_node[0m
[35m[1mScanning dependencies of target cartographer_occupancy_grid_node[0m
[35m[1mScanning dependencies of target cartographer_start_trajectory[0m
[35m[1mScanning dependencies of target cartographer_node[0m
[35m[1mScanning dependencies of target cartographer_assets_writer[0m
[35m[1mScanning dependencies of target cartographer_rosbag_validate[0m
[ 69%] [32mBuilding CXX object cartographer_ros/CMakeFiles/cartographer_start_trajectory.dir/start_trajectory_main.cc.o[0m
[ 71%] [32mBuilding CXX object cartographer_ros/CMakeFiles/cartographer_rosbag_validate.dir/rosbag_validate_main.cc.o[0m
[ 74%] [32mBuilding CXX object cartographer_ros/CMakeFiles/cartographer_occupancy_grid_node.dir/occupancy_grid_node_main.cc.o[0m
[ 76%] [32mBuilding CXX object cartographer_ros/CMakeFiles/cartographer_offline_node.dir/offline_node_main.cc.o[0m
[ 79%] [32mBuilding CXX object cartographer_ros/CMakeFiles/cartographer_node.dir/node_main.cc.o[0m
[ 84%] [32mBuilding CXX object cartographer_ros/CMakeFiles/cartographer_assets_writer.dir/ros_map_writing_points_processor.cc.o[0m
[ 84%] [32mBuilding CXX object cartographer_ros/CMakeFiles/cartographer_assets_writer.dir/assets_writer_main.cc.o[0m
[ 87%] [32m[1mLinking CXX executable /home/thib/ridgeback-cartographer_ws/devel/.private/cartographer_ros/lib/cartographer_ros/cartographer_start_trajectory[0m
[ 87%] Built target cartographer_start_trajectory
[ 89%] [32m[1mLinking CXX executable /home/thib/ridgeback-cartographer_ws/devel/.private/cartographer_ros/lib/cartographer_ros/cartographer_rosbag_validate[0m
[ 92%] [32m[1mLinking CXX executable /home/thib/ridgeback-cartographer_ws/devel/.private/cartographer_ros/lib/cartographer_ros/cartographer_occupancy_grid_node[0m
[ 94%] [32m[1mLinking CXX executable /home/thib/ridgeback-cartographer_ws/devel/.private/cartographer_ros/lib/cartographer_ros/cartographer_node[0m
[ 94%] Built target cartographer_occupancy_grid_node
[ 97%] [32m[1mLinking CXX executable /home/thib/ridgeback-cartographer_ws/devel/.private/cartographer_ros/lib/cartographer_ros/cartographer_offline_node[0m
[ 97%] Built target cartographer_node
[ 97%] Built target cartographer_offline_node
[ 97%] Built target cartographer_rosbag_validate
[100%] [32m[1mLinking CXX executable /home/thib/ridgeback-cartographer_ws/devel/.private/cartographer_ros/lib/cartographer_ros/cartographer_assets_writer[0m
[100%] Built target cartographer_assets_writer
