[  0%] Built target map_msgs_generate_messages_eus
[  5%] Built target tf_generate_messages_py
[  5%] [34m[1mAutomatic moc for target cartographer_rviz[0m
[  5%] Built target map_msgs_generate_messages_nodejs
[  5%] Built target map_msgs_generate_messages_lisp
[  5%] Built target visualization_msgs_generate_messages_nodejs
[  5%] Built target visualization_msgs_generate_messages_py
[  5%] Built target tf_generate_messages_eus
[  5%] Built target actionlib_generate_messages_py
[  5%] Built target actionlib_generate_messages_eus
[  5%] Built target map_msgs_generate_messages_py
[  5%] Built target tf2_msgs_generate_messages_nodejs
[  5%] Built target tf2_msgs_generate_messages_cpp
[  5%] Built target tf2_msgs_generate_messages_lisp
[  5%] Built target cartographer_rviz_automoc
[  5%] Built target tf2_msgs_generate_messages_eus
[  5%] Built target topic_tools_generate_messages_nodejs
[  5%] Built target topic_tools_generate_messages_eus
[  5%] Built target std_srvs_generate_messages_cpp
[  5%] Built target topic_tools_generate_messages_lisp
[  5%] Built target topic_tools_generate_messages_cpp
[  5%] Built target rosgraph_msgs_generate_messages_nodejs
[  5%] Built target rosgraph_msgs_generate_messages_py
[  5%] Built target tf_generate_messages_lisp
[  5%] Built target rosgraph_msgs_generate_messages_lisp
[  5%] Built target nav_msgs_generate_messages_cpp
[  5%] Built target rosgraph_msgs_generate_messages_eus
[  5%] Built target visualization_msgs_generate_messages_cpp
[  5%] Built target std_srvs_generate_messages_py
[  5%] Built target roscpp_generate_messages_lisp
[  5%] Built target std_msgs_generate_messages_eus
[  5%] Built target std_srvs_generate_messages_lisp
[  5%] Built target roscpp_generate_messages_py
[  5%] Built target tf_generate_messages_nodejs
[  5%] Built target geometry_msgs_generate_messages_lisp
[  5%] Built target std_msgs_generate_messages_lisp
[  5%] Built target cartographer_ros_msgs_generate_messages_py
[  5%] Built target nav_msgs_generate_messages_eus
[  5%] Built target geometry_msgs_generate_messages_eus
[  5%] Built target actionlib_msgs_generate_messages_py
[  5%] Built target pcl_msgs_generate_messages_lisp
[  5%] Built target roscpp_generate_messages_cpp
[  5%] Built target sensor_msgs_generate_messages_nodejs
[  5%] Built target geometry_msgs_generate_messages_cpp
[  5%] Built target std_srvs_generate_messages_eus
[  5%] Built target tf_generate_messages_cpp
[  5%] Built target actionlib_msgs_generate_messages_eus
[  5%] Built target actionlib_generate_messages_lisp
[  5%] Built target roscpp_generate_messages_nodejs
[  5%] Built target cartographer_ros_msgs_generate_messages_lisp
[  5%] Built target cartographer_ros_msgs_generate_messages_nodejs
[  5%] Built target pcl_msgs_generate_messages_cpp
[  5%] Built target visualization_msgs_generate_messages_lisp
[  5%] Built target cartographer_ros_msgs_generate_messages_cpp
[  5%] Built target geometry_msgs_generate_messages_py
[  5%] Built target std_msgs_generate_messages_nodejs
[  5%] Built target cartographer_ros_msgs_generate_messages_eus
[  5%] Built target geometry_msgs_generate_messages_nodejs
[  5%] Built target nav_msgs_generate_messages_lisp
[  5%] Built target nav_msgs_generate_messages_py
[  5%] Built target map_msgs_generate_messages_cpp
[  5%] Built target visualization_msgs_generate_messages_eus
[  5%] Built target nav_msgs_generate_messages_nodejs
[  5%] Built target std_msgs_generate_messages_py
[  5%] Built target actionlib_msgs_generate_messages_lisp
[  5%] Built target _catkin_empty_exported_target
[  5%] Built target tf2_msgs_generate_messages_py
[  5%] Built target rosgraph_msgs_generate_messages_cpp
[  5%] Built target actionlib_msgs_generate_messages_nodejs
[  5%] Built target topic_tools_generate_messages_py
[  5%] Built target std_srvs_generate_messages_nodejs
[  5%] Built target pcl_msgs_generate_messages_eus
[  5%] Built target pcl_msgs_generate_messages_nodejs
[  5%] Built target pcl_msgs_generate_messages_py
[  5%] Built target actionlib_generate_messages_cpp
[  5%] Built target sensor_msgs_generate_messages_cpp
[  5%] Built target sensor_msgs_generate_messages_py
[  5%] Built target std_msgs_generate_messages_cpp
[  5%] Built target actionlib_msgs_generate_messages_cpp
[  5%] Built target actionlib_generate_messages_nodejs
[  5%] Built target sensor_msgs_generate_messages_lisp
[  5%] Built target sensor_msgs_generate_messages_eus
[  5%] Built target roscpp_generate_messages_eus
[  5%] Built target cartographer_rviz_detect_changes
[ 23%] Built target gmock
[ 47%] Built target gmock_main
[ 58%] Built target gtest
[ 70%] Built target gtest_main
[100%] Built target cartographer_rviz
