Determining if the pthread_create exist failed with the following output:
Change Dir: /home/thib/baxter-ridgeback-kinetic_ws/build/baxter_core_msgs/CMakeFiles/CMakeTmp

Run Build Command:"/usr/bin/make" "cmTC_655b2/fast"
/usr/bin/make -f CMakeFiles/cmTC_655b2.dir/build.make CMakeFiles/cmTC_655b2.dir/build
make[1]: Entering directory '/home/thib/baxter-ridgeback-kinetic_ws/build/baxter_core_msgs/CMakeFiles/CMakeTmp'
Building C object CMakeFiles/cmTC_655b2.dir/CheckSymbolExists.c.o
/usr/bin/cc     -o CMakeFiles/cmTC_655b2.dir/CheckSymbolExists.c.o   -c /home/thib/baxter-ridgeback-kinetic_ws/build/baxter_core_msgs/CMakeFiles/CMakeTmp/CheckSymbolExists.c
Linking C executable cmTC_655b2
/usr/bin/cmake -E cmake_link_script CMakeFiles/cmTC_655b2.dir/link.txt --verbose=1
/usr/bin/cc       CMakeFiles/cmTC_655b2.dir/CheckSymbolExists.c.o  -o cmTC_655b2 -rdynamic 
CMakeFiles/cmTC_655b2.dir/CheckSymbolExists.c.o: In function `main':
CheckSymbolExists.c:(.text+0x16): undefined reference to `pthread_create'
collect2: error: ld returned 1 exit status
CMakeFiles/cmTC_655b2.dir/build.make:97: recipe for target 'cmTC_655b2' failed
make[1]: *** [cmTC_655b2] Error 1
make[1]: Leaving directory '/home/thib/baxter-ridgeback-kinetic_ws/build/baxter_core_msgs/CMakeFiles/CMakeTmp'
Makefile:126: recipe for target 'cmTC_655b2/fast' failed
make: *** [cmTC_655b2/fast] Error 2

File /home/thib/baxter-ridgeback-kinetic_ws/build/baxter_core_msgs/CMakeFiles/CMakeTmp/CheckSymbolExists.c:
/* */
#include <pthread.h>

int main(int argc, char** argv)
{
  (void)argv;
#ifndef pthread_create
  return ((int*)(&pthread_create))[argc];
#else
  (void)argc;
  return 0;
#endif
}

Determining if the function pthread_create exists in the pthreads failed with the following output:
Change Dir: /home/thib/baxter-ridgeback-kinetic_ws/build/baxter_core_msgs/CMakeFiles/CMakeTmp

Run Build Command:"/usr/bin/make" "cmTC_33a38/fast"
/usr/bin/make -f CMakeFiles/cmTC_33a38.dir/build.make CMakeFiles/cmTC_33a38.dir/build
make[1]: Entering directory '/home/thib/baxter-ridgeback-kinetic_ws/build/baxter_core_msgs/CMakeFiles/CMakeTmp'
Building C object CMakeFiles/cmTC_33a38.dir/CheckFunctionExists.c.o
/usr/bin/cc    -DCHECK_FUNCTION_EXISTS=pthread_create   -o CMakeFiles/cmTC_33a38.dir/CheckFunctionExists.c.o   -c /usr/share/cmake-3.5/Modules/CheckFunctionExists.c
Linking C executable cmTC_33a38
/usr/bin/cmake -E cmake_link_script CMakeFiles/cmTC_33a38.dir/link.txt --verbose=1
/usr/bin/cc   -DCHECK_FUNCTION_EXISTS=pthread_create    CMakeFiles/cmTC_33a38.dir/CheckFunctionExists.c.o  -o cmTC_33a38 -rdynamic -lpthreads 
/usr/bin/ld: cannot find -lpthreads
collect2: error: ld returned 1 exit status
CMakeFiles/cmTC_33a38.dir/build.make:97: recipe for target 'cmTC_33a38' failed
make[1]: *** [cmTC_33a38] Error 1
make[1]: Leaving directory '/home/thib/baxter-ridgeback-kinetic_ws/build/baxter_core_msgs/CMakeFiles/CMakeTmp'
Makefile:126: recipe for target 'cmTC_33a38/fast' failed
make: *** [cmTC_33a38/fast] Error 2


