[35m[1mScanning dependencies of target _cartographer_ros_msgs_generate_messages_check_deps_TrajectoryOptions[0m
[  0%] Built target _cartographer_ros_msgs_generate_messages_check_deps_TrajectoryOptions
[35m[1mScanning dependencies of target _cartographer_ros_msgs_generate_messages_check_deps_SubmapTexture[0m
[  0%] Built target _cartographer_ros_msgs_generate_messages_check_deps_SubmapTexture
[35m[1mScanning dependencies of target _cartographer_ros_msgs_generate_messages_check_deps_FinishTrajectory[0m
[  0%] Built target _cartographer_ros_msgs_generate_messages_check_deps_FinishTrajectory
[35m[1mScanning dependencies of target _cartographer_ros_msgs_generate_messages_check_deps_SensorTopics[0m
[  0%] Built target _cartographer_ros_msgs_generate_messages_check_deps_SensorTopics
[35m[1mScanning dependencies of target _cartographer_ros_msgs_generate_messages_check_deps_SubmapEntry[0m
[  0%] Built target _cartographer_ros_msgs_generate_messages_check_deps_SubmapEntry
[35m[1mScanning dependencies of target _cartographer_ros_msgs_generate_messages_check_deps_SubmapList[0m
[  0%] Built target _cartographer_ros_msgs_generate_messages_check_deps_SubmapList
[35m[1mScanning dependencies of target _cartographer_ros_msgs_generate_messages_check_deps_StartTrajectory[0m
[  0%] Built target _cartographer_ros_msgs_generate_messages_check_deps_StartTrajectory
[35m[1mScanning dependencies of target geometry_msgs_generate_messages_lisp[0m
[  0%] Built target geometry_msgs_generate_messages_lisp
[35m[1mScanning dependencies of target _cartographer_ros_msgs_generate_messages_check_deps_WriteState[0m
[  0%] Built target _cartographer_ros_msgs_generate_messages_check_deps_WriteState
[35m[1mScanning dependencies of target _cartographer_ros_msgs_generate_messages_check_deps_SubmapQuery[0m
[  0%] Built target _cartographer_ros_msgs_generate_messages_check_deps_SubmapQuery
[35m[1mScanning dependencies of target geometry_msgs_generate_messages_eus[0m
[  0%] Built target geometry_msgs_generate_messages_eus
[35m[1mScanning dependencies of target geometry_msgs_generate_messages_nodejs[0m
[  0%] Built target geometry_msgs_generate_messages_nodejs
[35m[1mScanning dependencies of target geometry_msgs_generate_messages_cpp[0m
[  0%] Built target geometry_msgs_generate_messages_cpp
[35m[1mScanning dependencies of target geometry_msgs_generate_messages_py[0m
[  0%] Built target geometry_msgs_generate_messages_py
[35m[1mScanning dependencies of target cartographer_ros_msgs_generate_messages_lisp[0m
[  2%] [34m[1mGenerating Lisp code from cartographer_ros_msgs/SubmapEntry.msg[0m
[  4%] [34m[1mGenerating Lisp code from cartographer_ros_msgs/SubmapList.msg[0m
[  6%] [34m[1mGenerating Lisp code from cartographer_ros_msgs/SensorTopics.msg[0m
[  8%] [34m[1mGenerating Lisp code from cartographer_ros_msgs/TrajectoryOptions.msg[0m
[ 10%] [34m[1mGenerating Lisp code from cartographer_ros_msgs/SubmapTexture.msg[0m
[ 12%] [34m[1mGenerating Lisp code from cartographer_ros_msgs/StartTrajectory.srv[0m
[ 14%] [34m[1mGenerating Lisp code from cartographer_ros_msgs/WriteState.srv[0m
[ 16%] [34m[1mGenerating Lisp code from cartographer_ros_msgs/SubmapQuery.srv[0m
[ 18%] [34m[1mGenerating Lisp code from cartographer_ros_msgs/FinishTrajectory.srv[0m
[ 18%] Built target cartographer_ros_msgs_generate_messages_lisp
[35m[1mScanning dependencies of target cartographer_ros_msgs_generate_messages_eus[0m
[ 20%] [34m[1mGenerating EusLisp code from cartographer_ros_msgs/SubmapEntry.msg[0m
[ 22%] [34m[1mGenerating EusLisp code from cartographer_ros_msgs/SubmapList.msg[0m
[ 25%] [34m[1mGenerating EusLisp code from cartographer_ros_msgs/SensorTopics.msg[0m
[ 27%] [34m[1mGenerating EusLisp code from cartographer_ros_msgs/TrajectoryOptions.msg[0m
[ 29%] [34m[1mGenerating EusLisp code from cartographer_ros_msgs/SubmapTexture.msg[0m
[ 31%] [34m[1mGenerating EusLisp code from cartographer_ros_msgs/StartTrajectory.srv[0m
[ 33%] [34m[1mGenerating EusLisp code from cartographer_ros_msgs/WriteState.srv[0m
[ 35%] [34m[1mGenerating EusLisp code from cartographer_ros_msgs/SubmapQuery.srv[0m
[ 37%] [34m[1mGenerating EusLisp code from cartographer_ros_msgs/FinishTrajectory.srv[0m
[ 39%] [34m[1mGenerating EusLisp manifest code for cartographer_ros_msgs[0m
[ 39%] Built target cartographer_ros_msgs_generate_messages_eus
[35m[1mScanning dependencies of target cartographer_ros_msgs_generate_messages_nodejs[0m
[ 41%] [34m[1mGenerating Javascript code from cartographer_ros_msgs/SubmapEntry.msg[0m
[ 43%] [34m[1mGenerating Javascript code from cartographer_ros_msgs/SubmapList.msg[0m
[ 45%] [34m[1mGenerating Javascript code from cartographer_ros_msgs/SensorTopics.msg[0m
[ 47%] [34m[1mGenerating Javascript code from cartographer_ros_msgs/TrajectoryOptions.msg[0m
[ 50%] [34m[1mGenerating Javascript code from cartographer_ros_msgs/SubmapTexture.msg[0m
[ 52%] [34m[1mGenerating Javascript code from cartographer_ros_msgs/StartTrajectory.srv[0m
[ 54%] [34m[1mGenerating Javascript code from cartographer_ros_msgs/WriteState.srv[0m
[ 56%] [34m[1mGenerating Javascript code from cartographer_ros_msgs/SubmapQuery.srv[0m
[ 58%] [34m[1mGenerating Javascript code from cartographer_ros_msgs/FinishTrajectory.srv[0m
[ 58%] Built target cartographer_ros_msgs_generate_messages_nodejs
[35m[1mScanning dependencies of target cartographer_ros_msgs_generate_messages_cpp[0m
[ 60%] [34m[1mGenerating C++ code from cartographer_ros_msgs/SubmapEntry.msg[0m
[ 62%] [34m[1mGenerating C++ code from cartographer_ros_msgs/SubmapList.msg[0m
[ 64%] [34m[1mGenerating C++ code from cartographer_ros_msgs/SensorTopics.msg[0m
[ 66%] [34m[1mGenerating C++ code from cartographer_ros_msgs/TrajectoryOptions.msg[0m
[ 68%] [34m[1mGenerating C++ code from cartographer_ros_msgs/SubmapTexture.msg[0m
[ 70%] [34m[1mGenerating C++ code from cartographer_ros_msgs/StartTrajectory.srv[0m
[ 72%] [34m[1mGenerating C++ code from cartographer_ros_msgs/WriteState.srv[0m
[ 75%] [34m[1mGenerating C++ code from cartographer_ros_msgs/SubmapQuery.srv[0m
[ 77%] [34m[1mGenerating C++ code from cartographer_ros_msgs/FinishTrajectory.srv[0m
[ 77%] Built target cartographer_ros_msgs_generate_messages_cpp
[35m[1mScanning dependencies of target cartographer_ros_msgs_generate_messages_py[0m
[ 79%] [34m[1mGenerating Python from MSG cartographer_ros_msgs/SubmapEntry[0m
[ 81%] [34m[1mGenerating Python from MSG cartographer_ros_msgs/SubmapList[0m
[ 83%] [34m[1mGenerating Python from MSG cartographer_ros_msgs/SensorTopics[0m
[ 85%] [34m[1mGenerating Python from MSG cartographer_ros_msgs/TrajectoryOptions[0m
[ 87%] [34m[1mGenerating Python from MSG cartographer_ros_msgs/SubmapTexture[0m
[ 89%] [34m[1mGenerating Python code from SRV cartographer_ros_msgs/StartTrajectory[0m
[ 91%] [34m[1mGenerating Python code from SRV cartographer_ros_msgs/WriteState[0m
[ 93%] [34m[1mGenerating Python code from SRV cartographer_ros_msgs/SubmapQuery[0m
[ 95%] [34m[1mGenerating Python code from SRV cartographer_ros_msgs/FinishTrajectory[0m
[ 97%] [34m[1mGenerating Python msg __init__.py for cartographer_ros_msgs[0m
[100%] [34m[1mGenerating Python srv __init__.py for cartographer_ros_msgs[0m
[100%] Built target cartographer_ros_msgs_generate_messages_py
[35m[1mScanning dependencies of target cartographer_ros_msgs_generate_messages[0m
[100%] Built target cartographer_ros_msgs_generate_messages
